#
# A fatal error has been detected by the Java Runtime Environment:
#
#  Internal Error (jvmciRuntime.cpp:1609), pid=55, tid=83
#  fatal error: Fatal exception in JVMCI: Error calling jdk.vm.ci.services.Services.serializeSavedProperties
#
# JRE version: OpenJDK Runtime Environment GraalVM CE 22.3.0 (17.0.5+8) (build 17.0.5+8-jvmci-22.3-b08)
# Java VM: OpenJDK 64-Bit Server VM GraalVM CE 22.3.0 (17.0.5+8-jvmci-22.3-b08, mixed mode, sharing, tiered, jvmci, jvmci compiler, compressed oops, compressed class ptrs, parallel gc, linux-amd64)
# Problematic frame:
# V  [libjvm.so+0x972714]  JVMCIRuntime::fatal_exception(JVMCIEnv*, char const*)+0x74
#
# Core dump will be written. Default location: Core dumps may be processed with "/usr/share/apport/apport -p%p -s%s -c%c -d%d -P%P -u%u -g%g -- %E" (or dumping to /home/runner/PLTW-Data-Analysis/core.55)
#
# If you would like to submit a bug report, please visit:
#   https://github.com/oracle/graal/issues
#

---------------  S U M M A R Y ------------

Command Line: -XX:ThreadPriorityPolicy=1 -XX:+UnlockExperimentalVMOptions -XX:+EnableJVMCIProduct -XX:JVMCIThreadsPerNativeLibraryRuntime=1 -XX:-UnlockExperimentalVMOptions -Declipse.application=org.eclipse.jdt.ls.core.id1 -Dosgi.bundles.defaultStartLevel=4 -Declipse.product=org.eclipse.jdt.ls.core.product -Dlog.level=ALL -Xverify:none -XX:+UseParallelGC -XX:GCTimeRatio=4 -XX:AdaptiveSizePolicyWeight=90 -Dsun.zip.disableMemoryMapping=true -Xmx512m -Xms100m /nix/store/q9712qvwdh22a4krw4jz2sjrz07mvjbl-jdt-language-server-1.9.0/share/java/plugins/org.eclipse.equinox.launcher_1.6.400.v20210924-0641.jar --add-modules=ALL-SYSTEM --add-opens java.base/java.util=ALL-UNNAMED --add-opens java.base/java.lang=ALL-UNNAMED -configuration /home/runner/PLTW-Data-Analysis/.cache/jdt-language-server/config -data /home/runner/.cache/jdt-language-server/data/home/runner/PLTW-Data-Analysis

Host: Intel(R) Xeon(R) CPU @ 2.20GHz, 8 cores, 3G, Ubuntu 20.04.2 LTS
Time: Thu Feb 22 02:59:07 2024 UTC elapsed time: 501.301437 seconds (0d 0h 8m 21s)

---------------  T H R E A D  ---------------

Current thread (0x00007efe000d2db0):  JavaThread "JVMCI-native CompilerThread0" daemon [_thread_in_vm, id=83, stack(0x00007efe0431a000,0x00007efe0451a000)]


Current CompileTask:
JVMCI-native: 501301 9295       4       org.eclipse.jdt.internal.compiler.codegen.CharArrayCache::putIfAbsent (102 bytes)

Stack: [0x00007efe0431a000,0x00007efe0451a000],  sp=0x00007efe04518380,  free space=2040k
Native frames: (J=compiled Java code, j=interpreted, Vv=VM code, C=native code)
V  [libjvm.so+0x972714]  JVMCIRuntime::fatal_exception(JVMCIEnv*, char const*)+0x74
V  [libjvm.so+0x93e2fe]  JVMCIEnv::copy_saved_properties()+0x14e
V  [libjvm.so+0x9732a9]  JVMCIRuntime::initialize(JVMCIEnv*)+0xb19
V  [libjvm.so+0x9738a2]  JVMCIRuntime::get_HotSpotJVMCIRuntime(JVMCIEnv*)+0x12
V  [libjvm.so+0x9749f2]  JVMCIRuntime::compile_method(JVMCIEnv*, JVMCICompiler*, methodHandle const&, int)+0xd2
V  [libjvm.so+0x5b0d20]  CompileBroker::invoke_compiler_on_method(CompileTask*)+0x1470
V  [libjvm.so+0x5b12e8]  CompileBroker::compiler_thread_loop()+0x528
V  [libjvm.so+0xd82460]  JavaThread::thread_main_inner()+0xd0
V  [libjvm.so+0xd85a40]  Thread::call_run()+0xc0
V  [libjvm.so+0xbdb1e1]  thread_native_entry(Thread*)+0xe1

Register to memory mapping:

RAX=0x00007efe077a4000 points into unknown readable memory: 0x0000000000000058 | 58 00 00 00 00 00 00 00
RBX=0x00007efe0889f398: <offset 0x0000000000ef5398> in /nix/store/gpxl5qgg8kicmcvivwmybwjlpf7wh20l-graalvm17-ce-22.3.0/lib/server/libjvm.so at 0x00007efe079aa000
RCX=0x00007efe088571e8: <offset 0x0000000000ead1e8> in /nix/store/gpxl5qgg8kicmcvivwmybwjlpf7wh20l-graalvm17-ce-22.3.0/lib/server/libjvm.so at 0x00007efe079aa000
RDX=0x0000000000000649 is an unknown value
RSP=0x00007efe04518380 is pointing into the stack for thread: 0x00007efe000d2db0
RBP=0x00007efe045183a0 is pointing into the stack for thread: 0x00007efe000d2db0
RSI=0x00007efe0889fc48: <offset 0x0000000000ef5c48> in /nix/store/gpxl5qgg8kicmcvivwmybwjlpf7wh20l-graalvm17-ce-22.3.0/lib/server/libjvm.so at 0x00007efe079aa000
RDI=0x00000000e0000000 is an oop: java.lang.Boolean 
{0x00000000e0000000} - klass: 'java/lang/Boolean'
 - ---- fields (total size 2 words):
 - private final 'value' 'Z' @12  true
R8 =0x00007efe0889f398: <offset 0x0000000000ef5398> in /nix/store/gpxl5qgg8kicmcvivwmybwjlpf7wh20l-graalvm17-ce-22.3.0/lib/server/libjvm.so at 0x00007efe079aa000
R9 =0x00007efe04518330 is pointing into the stack for thread: 0x00007efe000d2db0
R10=0x00007efe04519948 is pointing into the stack for thread: 0x00007efe000d2db0
R11=0x0000000000000293 is an unknown value
R12=0x0 is NULL
R13=0x00007efe000d2db0 is a thread
R14=0x00007efe00000b80 points into unknown readable memory: 0x00007efe08ad0a38 | 38 0a ad 08 fe 7e 00 00
R15=0x00007efe08bdee40: <offset 0x0000000001234e40> in /nix/store/gpxl5qgg8kicmcvivwmybwjlpf7wh20l-graalvm17-ce-22.3.0/lib/server/libjvm.so at 0x00007efe079aa000


Registers:
RAX=0x00007efe077a4000, RBX=0x00007efe0889f398, RCX=0x00007efe088571e8, RDX=0x0000000000000649
RSP=0x00007efe04518380, RBP=0x00007efe045183a0, RSI=0x00007efe0889fc48, RDI=0x00000000e0000000
R8 =0x00007efe0889f398, R9 =0x00007efe04518330, R10=0x00007efe04519948, R11=0x0000000000000293
R12=0x0000000000000000, R13=0x00007efe000d2db0, R14=0x00007efe00000b80, R15=0x00007efe08bdee40
RIP=0x00007efe0831c714, EFLAGS=0x0000000000010206, CSGSFS=0x002b000000000033, ERR=0x0000000000000006
  TRAPNO=0x000000000000000e

Top of Stack: (sp=0x00007efe04518380)
0x00007efe04518380:   00007efe04518940 00007efe000d2db0
0x00007efe04518390:   00007efe061358c8 0000000800c417a0
0x00007efe045183a0:   00007efe04518500 00007efe082e82fe
0x00007efe045183b0:   00007efe045183e0 00007efe04518440 

Instructions: (pc=0x00007efe0831c714)
0x00007efe0831c614:   30 e8 f6 cf e8 ff 4c 89 e7 e8 2e 48 d1 ff 84 db
0x00007efe0831c624:   75 2a 4d 85 ed 74 04 4d 8b 6d 00 48 83 c4 08 44
0x00007efe0831c634:   89 f9 4c 89 f2 4c 89 ee 5b 4c 89 e7 41 5c 41 5d
0x00007efe0831c644:   41 5e 41 5f 5d e9 e2 47 d1 ff 66 90 48 83 c4 08
0x00007efe0831c654:   5b 41 5c 41 5d 41 5e 41 5f 5d c3 90 31 d2 be 08
0x00007efe0831c664:   00 00 00 4c 89 ff e8 b1 78 a3 ff 49 89 c5 e9 37
0x00007efe0831c674:   ff ff ff 66 0f 1f 84 00 00 00 00 00 48 8b 7a 08
0x00007efe0831c684:   e9 6d ff ff ff 0f 1f 80 00 00 00 00 e8 5b 48 0a
0x00007efe0831c694:   00 84 c0 75 89 e9 6a ff ff ff 66 90 55 48 89 e5
0x00007efe0831c6a4:   41 56 41 55 41 54 49 89 fc 53 48 89 f3 66 48 8d
0x00007efe0831c6b4:   3d 27 5e 85 00 66 66 48 e8 df 43 8d ff 4c 8b 28
0x00007efe0831c6c4:   8b 05 be 72 8a 00 85 c0 75 14 ba 01 00 00 00 48
0x00007efe0831c6d4:   8d 0d ae 72 8a 00 f0 0f b1 11 85 c0 74 4e be c8
0x00007efe0831c6e4:   00 00 00 4c 89 ef e8 01 0b 41 00 48 8d 05 12 ac
0x00007efe0831c6f4:   85 00 49 89 d8 48 8d 0d e8 aa 53 00 ba 49 06 00
0x00007efe0831c704:   00 48 8d 35 3c 35 58 00 bf 00 00 00 e0 48 8b 00
0x00007efe0831c714:   c6 00 58 31 c0 e8 e2 91 c6 ff 5b 41 5c 41 5d 41
0x00007efe0831c724:   5e 5d e9 55 34 26 00 0f 1f 44 00 00 48 8d 05 81
0x00007efe0831c734:   a3 8b 00 48 89 df 4c 8b 30 e8 9e 43 8d ff 48 89
0x00007efe0831c744:   de 48 89 c2 49 8b 06 4c 89 f7 ff 50 08 4c 89 f7
0x00007efe0831c754:   e8 a7 5c 27 00 4d 85 e4 74 12 be 01 00 00 00 4c
0x00007efe0831c764:   89 e7 e8 35 43 fc ff eb 82 0f 1f 00 be 01 00 00
0x00007efe0831c774:   00 4c 89 ef e8 d3 fd ff ff e9 6d ff ff ff 66 66
0x00007efe0831c784:   2e 0f 1f 84 00 00 00 00 00 0f 1f 00 55 48 89 e5
0x00007efe0831c794:   41 57 41 56 41 55 41 54 53 48 81 ec 08 02 00 00
0x00007efe0831c7a4:   64 48 8b 04 25 28 00 00 00 48 89 45 c8 8b 07 83
0x00007efe0831c7b4:   f8 02 0f 84 11 04 00 00 4c 8b 6f 18 49 89 ff 49
0x00007efe0831c7c4:   89 f4 4d 85 ed 74 14 4c 89 ef e8 5d 57 22 00 41
0x00007efe0831c7d4:   8b 07 83 f8 02 0f 84 19 04 00 00 48 8d 1d 9a 06
0x00007efe0831c7e4:   8a 00 4c 8d 35 0b 3c 58 00 eb 38 90 48 85 d2 7f
0x00007efe0831c7f4:   0d 48 8d 05 b4 c0 85 00 48 83 38 00 7e 0e 41 8b
0x00007efe0831c804:   77 2c 4c 89 f7 31 c0 e8 a0 b2 f7 ff 49 8b 7f 18 


Stack slot to memory mapping:
stack at sp + 0 slots: 0x00007efe04518940 is pointing into the stack for thread: 0x00007efe000d2db0
stack at sp + 1 slots: 0x00007efe000d2db0 is a thread
stack at sp + 2 slots: 0x00007efe061358c8 points into unknown readable memory: 0x6573001880c9ffff | ff ff c9 80 18 00 73 65
stack at sp + 3 slots: 0x0000000800c417a0 is a pointer to class: 
jdk.vm.ci.services.Services {0x0000000800c417a0}
 - instance size:     2
 - klass size:        65
 - access:            public final synchronized 
 - state:             fully_initialized
 - name:              'jdk/vm/ci/services/Services'
 - super:             'java/lang/Object'
 - sub:               
 - arrays:            NULL
 - methods:           Array<T>(0x00007efe04c41f20)
 - method ordering:   Array<T>(0x0000000800928960)
 - default_methods:   Array<T>(0x0000000000000000)
 - local interfaces:  Array<T>(0x00000008005ce810)
 - trans. interfaces: Array<T>(0x00000008005ce810)
 - constants:         constant pool [427] {0x00007efe04c40eb0} for 'jdk/vm/ci/services/Services' cache=0x00007efe04c43298
 - class loader data:  loader data: 0x00007efe00027d10 of 'bootstrap'
 - source file:       'Services.java'
 - class annotations:       Array<T>(0x0000000000000000)
 - class type annotations:  Array<T>(0x0000000000000000)
 - field annotations:       Array<T>(0x0000000000000000)
 - field type annotations:  Array<T>(0x0000000000000000)
 - inner classes:     Array<T>(0x00007efe04c43230)
 - nest members:     Array<T>(0x00007efe04c43250)
 - permitted subclasses:     Array<T>(0x00000008005ce7a0)
 - java mirror:       a 'java/lang/Class'{0x00000000e033ef68} = 'jdk/vm/ci/services/Services'
 - vtable length      5  (start addr: 0x0000000800c41970)
 - itable length      2 (start addr: 0x0000000800c41998)
 - ---- static fields (3 words):
 - public static final 'IS_BUILDING_NATIVE_IMAGE' 'Z' @128 
 - public static final 'IS_IN_NATIVE_IMAGE' 'Z' @129 
 - private static volatile 'savedProperties' 'Ljava/util/Map;' @112 
 - static final 'JVMCI_ENABLED' 'Z' @130 
 - private static final 'servicesCache' 'Ljava/util/Map;' @116 
 - private static final 'MAX_UNICODE_IN_UTF8_LENGTH' 'I' @120 
 - private static final 'MAX_UTF8_PROPERTY_STRING_LENGTH' 'I' @124 
 - ---- non-static fields (0 words):
 - non-static oop maps: 
stack at sp + 4 slots: 0x00007efe04518500 is pointing into the stack for thread: 0x00007efe000d2db0
stack at sp + 5 slots: 0x00007efe082e82fe: <offset 0x000000000093e2fe> in /nix/store/gpxl5qgg8kicmcvivwmybwjlpf7wh20l-graalvm17-ce-22.3.0/lib/server/libjvm.so at 0x00007efe079aa000
stack at sp + 6 slots: 0x00007efe045183e0 is pointing into the stack for thread: 0x00007efe000d2db0
stack at sp + 7 slots: 0x00007efe04518440 is pointing into the stack for thread: 0x00007efe000d2db0


---------------  P R O C E S S  ---------------

Threads class SMR info:
_java_thread_list=0x00007efd8401f400, length=26, elements={
0x00007efe00025fb0, 0x00007efe000c7070, 0x00007efe000c84b0, 0x00007efe000cec20,
0x00007efe000cffd0, 0x00007efe000d13c0, 0x00007efe000d2db0, 0x00007efe000d42c0,
0x00007efe000d5320, 0x00007efe00118610, 0x00007efe001604b0, 0x00007efe00326020,
0x00007efe0036dc00, 0x00007efe00370ba0, 0x00007efd9802f3c0, 0x00007efd983fbdf0,
0x00007efd9845d730, 0x00007efd985e31b0, 0x00007efd98792ef0, 0x00007efe003c4e70,
0x00007efe0045a9a0, 0x00007efd80007350, 0x00007efd6c000ff0, 0x00007efd58000ff0,
0x00007efd741c2710, 0x00007efd740376b0
}

Java Threads: ( => current thread )
  0x00007efe00025fb0 JavaThread "main" [_thread_blocked, id=75, stack(0x00007efe077c5000,0x00007efe078c5000)]
  0x00007efe000c7070 JavaThread "Reference Handler" daemon [_thread_blocked, id=78, stack(0x00007efe054d9000,0x00007efe055d9000)]
  0x00007efe000c84b0 JavaThread "Finalizer" daemon [_thread_blocked, id=79, stack(0x00007efe04b00000,0x00007efe04c00000)]
  0x00007efe000cec20 JavaThread "Signal Dispatcher" daemon [_thread_blocked, id=80, stack(0x00007efe0471a000,0x00007efe0481a000)]
  0x00007efe000cffd0 JavaThread "Service Thread" daemon [_thread_blocked, id=81, stack(0x00007efe0461a000,0x00007efe0471a000)]
  0x00007efe000d13c0 JavaThread "Monitor Deflation Thread" daemon [_thread_blocked, id=82, stack(0x00007efe0451a000,0x00007efe0461a000)]
=>0x00007efe000d2db0 JavaThread "JVMCI-native CompilerThread0" daemon [_thread_in_vm, id=83, stack(0x00007efe0431a000,0x00007efe0451a000)]
  0x00007efe000d42c0 JavaThread "C1 CompilerThread0" daemon [_thread_blocked, id=84, stack(0x00007efe0411a000,0x00007efe0431a000)]
  0x00007efe000d5320 JavaThread "Sweeper thread" daemon [_thread_blocked, id=85, stack(0x00007efe0401a000,0x00007efe0411a000)]
  0x00007efe00118610 JavaThread "Common-Cleaner" daemon [_thread_blocked, id=86, stack(0x00007efde73b3000,0x00007efde74b3000)]
  0x00007efe001604b0 JavaThread "Notification Thread" daemon [_thread_blocked, id=90, stack(0x00007efde72b3000,0x00007efde73b3000)]
  0x00007efe00326020 JavaThread "Active Thread: Equinox Container: aab392a1-c94e-4f55-9eb3-55a186114639" [_thread_blocked, id=104, stack(0x00007efde4d00000,0x00007efde4e00000)]
  0x00007efe0036dc00 JavaThread "Framework Event Dispatcher: Equinox Container: aab392a1-c94e-4f55-9eb3-55a186114639" daemon [_thread_blocked, id=105, stack(0x00007efde4b00000,0x00007efde4c00000)]
  0x00007efe00370ba0 JavaThread "Start Level: Equinox Container: aab392a1-c94e-4f55-9eb3-55a186114639" daemon [_thread_blocked, id=106, stack(0x00007efde4900000,0x00007efde4a00000)]
  0x00007efd9802f3c0 JavaThread "SCR Component Actor" daemon [_thread_blocked, id=108, stack(0x00007efde4700000,0x00007efde4800000)]
  0x00007efd983fbdf0 JavaThread "Worker-JM" [_thread_blocked, id=110, stack(0x00007efde4300000,0x00007efde4400000)]
  0x00007efd9845d730 JavaThread "Worker-0: Compacting resource model" [_thread_blocked, id=117, stack(0x00007efde4100000,0x00007efde4200000)]
  0x00007efd985e31b0 JavaThread "Java indexing" daemon [_thread_blocked, id=119, stack(0x00007efdaeb00000,0x00007efdaec00000)]
  0x00007efd98792ef0 JavaThread "Bundle File Closer" daemon [_thread_blocked, id=120, stack(0x00007efdae900000,0x00007efdaea00000)]
  0x00007efe003c4e70 JavaThread "pool-3-thread-1" [_thread_blocked, id=121, stack(0x00007efdae700000,0x00007efdae800000)]
  0x00007efe0045a9a0 JavaThread "pool-2-thread-1" [_thread_blocked, id=122, stack(0x00007efdae500000,0x00007efdae600000)]
  0x00007efd80007350 JavaThread "Worker-2" [_thread_blocked, id=123, stack(0x00007efdae300000,0x00007efdae400000)]
  0x00007efd6c000ff0 JavaThread "Worker-4: Refreshing workspace" [_thread_blocked, id=132, stack(0x00007efdadf00000,0x00007efdae000000)]
  0x00007efd58000ff0 JavaThread "Worker-5: Publish Diagnostics" [_thread_blocked, id=133, stack(0x00007efdadd00000,0x00007efdade00000)]
  0x00007efd741c2710 JavaThread "Thread-8" [_thread_blocked, id=204, stack(0x00007efde4c00000,0x00007efde4d00000)]
  0x00007efd740376b0 JavaThread "Thread-11" [_thread_blocked, id=213, stack(0x00007efde4800000,0x00007efde4900000)]

Other Threads:
  0x00007efe000c27b0 VMThread "VM Thread" [stack: 0x00007efe055db000,0x00007efe056db000] [id=77] _threads_hazard_ptr=0x00007efd8401f400
  0x00007efe00161e50 WatcherThread [stack: 0x00007efde71b3000,0x00007efde72b3000] [id=91]
  0x00007efe0003d8b0 GCTaskThread "GC Thread#0" [stack: 0x00007efe07388000,0x00007efe07488000] [id=76]
  0x00007efdd80012b0 GCTaskThread "GC Thread#1" [stack: 0x00007efdac700000,0x00007efdac800000] [id=107]

Threads with active compile tasks:
JVMCI-native CompilerThread0   501354 9295       4       org.eclipse.jdt.internal.compiler.codegen.CharArrayCache::putIfAbsent (102 bytes)

VM state: synchronizing (normal execution)

VM Mutex/Monitor currently owned by a thread:  ([mutex/lock_event])
[0x00007efe00023100] Threads_lock - owner thread: 0x00007efe000c27b0
[0x00007efe000238b0] Heap_lock - owner thread: 0x00007efd740376b0

OutOfMemory and StackOverflow Exception counts:
OutOfMemoryError java_heap_errors=8
LinkageErrors=63

Heap address: 0x00000000e0000000, size: 512 MB, Compressed Oops mode: 32-bit

CDS archive(s) mapped at: [0x0000000800000000-0x0000000800bc8000-0x0000000800bc8000), size 12353536, SharedBaseAddress: 0x0000000800000000, ArchiveRelocationMode: 0.
Compressed class space mapped at: 0x0000000800c00000-0x0000000840c00000, reserved size: 1073741824
Narrow klass base: 0x0000000800000000, Narrow klass shift: 0, Narrow klass range: 0x100000000

GC Precious Log:
 CPUs: 8 total, 2 available
 Memory: 3215M
 Large Page Support: Disabled
 NUMA Support: Disabled
 Compressed Oops: Enabled (32-bit)
 Alignments: Space 512K, Generation 512K, Heap 2M
 Heap Min Capacity: 100M
 Heap Initial Capacity: 100M
 Heap Max Capacity: 512M
 Pre-touch: Disabled
 Parallel Workers: 2

Heap:
 PSYoungGen      total 65536K, used 38912K [0x00000000f5580000, 0x00000000fb180000, 0x0000000100000000)
  eden space 38912K, 100% used [0x00000000f5580000,0x00000000f7b80000,0x00000000f7b80000)
  from space 26624K, 0% used [0x00000000f7b80000,0x00000000f7b80000,0x00000000f9580000)
  to   space 26624K, 0% used [0x00000000f9580000,0x00000000f9580000,0x00000000faf80000)
 ParOldGen       total 349696K, used 349696K [0x00000000e0000000, 0x00000000f5580000, 0x00000000f5580000)
  object space 349696K, 100% used [0x00000000e0000000,0x00000000f5580000,0x00000000f5580000)
 Metaspace       used 55099K, committed 56128K, reserved 1105920K
  class space    used 5131K, committed 5568K, reserved 1048576K

Card table byte_map: [0x00007efe07488000,0x00007efe07589000] _byte_map_base: 0x00007efe06d88000

Marking Bits: (ParMarkBitMap*) 0x00007efe08bd84c0
 Begin Bits: [0x00007efe062db000, 0x00007efe06adb000)
 End Bits:   [0x00007efe06adb000, 0x00007efe072db000)

Polling page: 0x00007efe077a2000

Metaspace:

Usage:
  Non-class:     48.80 MB used.
      Class:      5.01 MB used.
       Both:     53.81 MB used.

Virtual space:
  Non-class space:       56.00 MB reserved,      49.38 MB ( 88%) committed,  7 nodes.
      Class space:        1.00 GB reserved,       5.44 MB ( <1%) committed,  1 nodes.
             Both:        1.05 GB reserved,      54.81 MB (  5%) committed. 

Chunk freelists:
   Non-Class:  2.36 MB
       Class:  2.65 MB
        Both:  5.02 MB

MaxMetaspaceSize: unlimited
CompressedClassSpaceSize: 1.00 GB
Initial GC threshold: 21.00 MB
Current GC threshold: 91.25 MB
CDS: on
MetaspaceReclaimPolicy: balanced
 - commit_granule_bytes: 65536.
 - commit_granule_words: 8192.
 - virtual_space_node_default_size: 1048576.
 - enlarge_chunks_in_place: 1.
 - new_chunks_are_fully_committed: 0.
 - uncommit_free_chunks: 1.
 - use_allocation_guard: 0.
 - handle_deallocations: 1.


Internal statistics:

num_allocs_failed_limit: 6.
num_arena_births: 490.
num_arena_deaths: 140.
num_vsnodes_births: 8.
num_vsnodes_deaths: 0.
num_space_committed: 877.
num_space_uncommitted: 1.
num_chunks_returned_to_freelist: 196.
num_chunks_taken_from_freelist: 2821.
num_chunk_merges: 83.
num_chunk_splits: 1842.
num_chunks_enlarged: 1153.
num_purges: 2.
num_inconsistent_stats: 0.

CodeHeap 'non-profiled nmethods': size=120036Kb used=2727Kb max_used=2727Kb free=117308Kb
 bounds [0x00007efdeef7a000, 0x00007efdef22a000, 0x00007efdf64b3000]
CodeHeap 'profiled nmethods': size=120032Kb used=17857Kb max_used=17857Kb free=102174Kb
 bounds [0x00007efde7a42000, 0x00007efde8bc2000, 0x00007efdeef7a000]
CodeHeap 'non-nmethods': size=5692Kb used=1340Kb max_used=1344Kb free=4351Kb
 bounds [0x00007efde74b3000, 0x00007efde7723000, 0x00007efde7a42000]
 total_blobs=8322 nmethods=7646 adapters=578
 compilation: enabled
              stopped_count=0, restarted_count=0
 full_count=0

JVMCI Events (20 events):
Event: 408.686 Thread 0x00007efe000d2db0 compacted oop handles in JVMCI runtime 0 from 49 to 49
Event: 408.686 Thread 0x00007efe000d2db0 releasing handles for JVMCI runtime 0: oop handles=49, metadata handles={total=92, live=81, blocks=30}
Event: 408.686 Thread 0x00007efe000d2db0 detached from JVMCI runtime 0
Event: 423.265 Thread 0x00007efe000d2db0 attached to JVMCI runtime 0
Event: 423.268 Thread 0x00007efe000d2db0 created JavaVM[8]@0x00007efdad79e340 for JVMCI runtime 0
Event: 424.519 Thread 0x00007efe000d2db0 initializing JVMCI runtime 0
Event: 424.519 Thread 0x00007efe000d2db0 done waiting for JavaVM references initialization in JVMCI runtime 0
Event: 446.889 Thread 0x00007efe000d2db0 initialized JVMCI runtime 0
Event: 453.991 Thread 0x00007efe000d2db0 compacted oop handles in JVMCI runtime 0 from 73 to 67
Event: 455.824 Thread 0x00007efe000d2db0 detaching from JVMCI runtime 0: releasing idle compiler thread (0 other threads still attached)
Event: 455.824 Thread 0x00007efe000d2db0 shutting down HotSpotJVMCIRuntime for JVMCI runtime 0
Event: 455.824 Thread 0x00007efe000d2db0 shut down JVMCI runtime 0
Event: 455.826 Thread 0x00007efe000d2db0 destroyed JavaVM[8]@0x00007efdad79e340 for JVMCI runtime 0
Event: 455.826 Thread 0x00007efe000d2db0 compacted oop handles in JVMCI runtime 0 from 67 to 67
Event: 455.826 Thread 0x00007efe000d2db0 releasing handles for JVMCI runtime 0: oop handles=67, metadata handles={total=128, live=119, blocks=30}
Event: 455.826 Thread 0x00007efe000d2db0 detached from JVMCI runtime 0
Event: 462.042 Thread 0x00007efe000d2db0 attached to JVMCI runtime 0
Event: 462.044 Thread 0x00007efe000d2db0 created JavaVM[9]@0x00007efdad79e340 for JVMCI runtime 0
Event: 462.044 Thread 0x00007efe000d2db0 initializing JVMCI runtime 0
Event: 462.044 Thread 0x00007efe000d2db0 done waiting for JavaVM references initialization in JVMCI runtime 0

Compilation events (20 events):
Event: 412.384 Thread 0x00007efe000d42c0 nmethod 9288 0x00007efde8babf10 code [0x00007efde8bac0c0, 0x00007efde8bac2b0]
Event: 421.247 Thread 0x00007efe000d42c0 9289       3       java.util.concurrent.ThreadPoolExecutor::runStateAtLeast (11 bytes)
Event: 421.247 Thread 0x00007efe000d42c0 nmethod 9289 0x00007efde8bac390 code [0x00007efde8bac520, 0x00007efde8bac670]
Event: 423.265 Thread 0x00007efe000d2db0 9290   !   4       org.eclipse.jdt.internal.compiler.lookup.BinaryTypeBinding::superInterfaces (279 bytes)
Event: 430.502 Thread 0x00007efe000d42c0 9291       3       org.eclipse.jdt.internal.compiler.ast.Reference::checkNPE (20 bytes)
Event: 431.755 Thread 0x00007efe000d42c0 nmethod 9291 0x00007efde8bac710 code [0x00007efde8bac8e0, 0x00007efde8baccd0]
Event: 436.371 Thread 0x00007efe000d42c0 9292       3       org.eclipse.jdt.internal.compiler.ast.Block::isEmptyBlock (11 bytes)
Event: 436.911 Thread 0x00007efe000d42c0 nmethod 9292 0x00007efde8bace10 code [0x00007efde8bacfc0, 0x00007efde8bad130]
Event: 446.890 Thread 0x00007efe000d42c0 9293       3       org.eclipse.jdt.internal.compiler.ast.QualifiedNameReference::checkNPE (106 bytes)
Event: 447.451 Thread 0x00007efe000d42c0 nmethod 9293 0x00007efde8bad210 code [0x00007efde8bad400, 0x00007efde8badbf0]
Event: 449.985 Thread 0x00007efe000d42c0 9294       3       org.eclipse.jdt.internal.compiler.lookup.ArrayBinding::constantPoolName (58 bytes)
Event: 450.586 Thread 0x00007efe000d42c0 nmethod 9294 0x00007efde8badd90 code [0x00007efde8badf60, 0x00007efde8bae4d0]
Event: 453.991 Thread 0x00007efe000d2db0 nmethod 9290 0x00007efdef222e10 code [0x00007efdef223020, 0x00007efdef2237d0]
Event: 462.042 Thread 0x00007efe000d2db0 9295       4       org.eclipse.jdt.internal.compiler.codegen.CharArrayCache::putIfAbsent (102 bytes)
Event: 466.904 Thread 0x00007efe000d42c0 9296       3       org.eclipse.jdt.internal.compiler.ast.ReturnStatement::generateCode (261 bytes)
Event: 467.584 Thread 0x00007efe000d42c0 nmethod 9296 0x00007efde8bae610 code [0x00007efde8bae940, 0x00007efde8bb1430]
Event: 467.584 Thread 0x00007efe000d42c0 9297       3       org.eclipse.jdt.internal.compiler.ast.ReturnStatement::generateReturnBytecode (9 bytes)
Event: 467.585 Thread 0x00007efe000d42c0 nmethod 9297 0x00007efde8bb1b10 code [0x00007efde8bb1cc0, 0x00007efde8bb1fe0]
Event: 475.251 Thread 0x00007efe000d42c0 9300       3       org.eclipse.jdt.internal.compiler.codegen.ConstantPool::literalIndexForType (35 bytes)
Event: 475.251 Thread 0x00007efe000d42c0 nmethod 9300 0x00007efde8bb2110 code [0x00007efde8bb22e0, 0x00007efde8bb2910]

GC Heap History (20 events):
Event: 494.755 GC heap before
{Heap before GC invocations=837 (full 747):
 PSYoungGen      total 65536K, used 38912K [0x00000000f5580000, 0x00000000fb180000, 0x0000000100000000)
  eden space 38912K, 100% used [0x00000000f5580000,0x00000000f7b80000,0x00000000f7b80000)
  from space 26624K, 0% used [0x00000000f7b80000,0x00000000f7b80000,0x00000000f9580000)
  to   space 26624K, 0% used [0x00000000f9580000,0x00000000f9580000,0x00000000faf80000)
 ParOldGen       total 349696K, used 349695K [0x00000000e0000000, 0x00000000f5580000, 0x00000000f5580000)
  object space 349696K, 99% used [0x00000000e0000000,0x00000000f557fff0,0x00000000f5580000)
 Metaspace       used 55099K, committed 56128K, reserved 1105920K
  class space    used 5131K, committed 5568K, reserved 1048576K
}
Event: 495.425 GC heap after
{Heap after GC invocations=837 (full 747):
 PSYoungGen      total 65536K, used 38912K [0x00000000f5580000, 0x00000000fb180000, 0x0000000100000000)
  eden space 38912K, 100% used [0x00000000f5580000,0x00000000f7b80000,0x00000000f7b80000)
  from space 26624K, 0% used [0x00000000f9580000,0x00000000f9580000,0x00000000faf80000)
  to   space 26624K, 0% used [0x00000000f7b80000,0x00000000f7b80000,0x00000000f9580000)
 ParOldGen       total 349696K, used 349695K [0x00000000e0000000, 0x00000000f5580000, 0x00000000f5580000)
  object space 349696K, 99% used [0x00000000e0000000,0x00000000f557fff0,0x00000000f5580000)
 Metaspace       used 55099K, committed 56128K, reserved 1105920K
  class space    used 5131K, committed 5568K, reserved 1048576K
}
Event: 495.425 GC heap before
{Heap before GC invocations=838 (full 748):
 PSYoungGen      total 65536K, used 38912K [0x00000000f5580000, 0x00000000fb180000, 0x0000000100000000)
  eden space 38912K, 100% used [0x00000000f5580000,0x00000000f7b80000,0x00000000f7b80000)
  from space 26624K, 0% used [0x00000000f9580000,0x00000000f9580000,0x00000000faf80000)
  to   space 26624K, 0% used [0x00000000f7b80000,0x00000000f7b80000,0x00000000f9580000)
 ParOldGen       total 349696K, used 349695K [0x00000000e0000000, 0x00000000f5580000, 0x00000000f5580000)
  object space 349696K, 99% used [0x00000000e0000000,0x00000000f557fff0,0x00000000f5580000)
 Metaspace       used 55099K, committed 56128K, reserved 1105920K
  class space    used 5131K, committed 5568K, reserved 1048576K
}
Event: 495.966 GC heap after
{Heap after GC invocations=838 (full 748):
 PSYoungGen      total 65536K, used 38912K [0x00000000f5580000, 0x00000000fb180000, 0x0000000100000000)
  eden space 38912K, 100% used [0x00000000f5580000,0x00000000f7b80000,0x00000000f7b80000)
  from space 26624K, 0% used [0x00000000f7b80000,0x00000000f7b80000,0x00000000f9580000)
  to   space 26624K, 0% used [0x00000000f9580000,0x00000000f9580000,0x00000000faf80000)
 ParOldGen       total 349696K, used 349695K [0x00000000e0000000, 0x00000000f5580000, 0x00000000f5580000)
  object space 349696K, 99% used [0x00000000e0000000,0x00000000f557fff0,0x00000000f5580000)
 Metaspace       used 55099K, committed 56128K, reserved 1105920K
  class space    used 5131K, committed 5568K, reserved 1048576K
}
Event: 495.966 GC heap before
{Heap before GC invocations=839 (full 749):
 PSYoungGen      total 65536K, used 38912K [0x00000000f5580000, 0x00000000fb180000, 0x0000000100000000)
  eden space 38912K, 100% used [0x00000000f5580000,0x00000000f7b80000,0x00000000f7b80000)
  from space 26624K, 0% used [0x00000000f7b80000,0x00000000f7b80000,0x00000000f9580000)
  to   space 26624K, 0% used [0x00000000f9580000,0x00000000f9580000,0x00000000faf80000)
 ParOldGen       total 349696K, used 349695K [0x00000000e0000000, 0x00000000f5580000, 0x00000000f5580000)
  object space 349696K, 99% used [0x00000000e0000000,0x00000000f557fff0,0x00000000f5580000)
 Metaspace       used 55099K, committed 56128K, reserved 1105920K
  class space    used 5131K, committed 5568K, reserved 1048576K
}
Event: 496.509 GC heap after
{Heap after GC invocations=839 (full 749):
 PSYoungGen      total 65536K, used 38912K [0x00000000f5580000, 0x00000000fb180000, 0x0000000100000000)
  eden space 38912K, 100% used [0x00000000f5580000,0x00000000f7b80000,0x00000000f7b80000)
  from space 26624K, 0% used [0x00000000f9580000,0x00000000f9580000,0x00000000faf80000)
  to   space 26624K, 0% used [0x00000000f7b80000,0x00000000f7b80000,0x00000000f9580000)
 ParOldGen       total 349696K, used 349695K [0x00000000e0000000, 0x00000000f5580000, 0x00000000f5580000)
  object space 349696K, 99% used [0x00000000e0000000,0x00000000f557fff0,0x00000000f5580000)
 Metaspace       used 55099K, committed 56128K, reserved 1105920K
  class space    used 5131K, committed 5568K, reserved 1048576K
}
Event: 496.511 GC heap before
{Heap before GC invocations=840 (full 750):
 PSYoungGen      total 65536K, used 38912K [0x00000000f5580000, 0x00000000fb180000, 0x0000000100000000)
  eden space 38912K, 100% used [0x00000000f5580000,0x00000000f7b80000,0x00000000f7b80000)
  from space 26624K, 0% used [0x00000000f9580000,0x00000000f9580000,0x00000000faf80000)
  to   space 26624K, 0% used [0x00000000f7b80000,0x00000000f7b80000,0x00000000f9580000)
 ParOldGen       total 349696K, used 349695K [0x00000000e0000000, 0x00000000f5580000, 0x00000000f5580000)
  object space 349696K, 99% used [0x00000000e0000000,0x00000000f557fff0,0x00000000f5580000)
 Metaspace       used 55099K, committed 56128K, reserved 1105920K
  class space    used 5131K, committed 5568K, reserved 1048576K
}
Event: 497.166 GC heap after
{Heap after GC invocations=840 (full 750):
 PSYoungGen      total 65536K, used 38912K [0x00000000f5580000, 0x00000000fb180000, 0x0000000100000000)
  eden space 38912K, 100% used [0x00000000f5580000,0x00000000f7b80000,0x00000000f7b80000)
  from space 26624K, 0% used [0x00000000f7b80000,0x00000000f7b80000,0x00000000f9580000)
  to   space 26624K, 0% used [0x00000000f9580000,0x00000000f9580000,0x00000000faf80000)
 ParOldGen       total 349696K, used 349695K [0x00000000e0000000, 0x00000000f5580000, 0x00000000f5580000)
  object space 349696K, 99% used [0x00000000e0000000,0x00000000f557ffd0,0x00000000f5580000)
 Metaspace       used 55099K, committed 56128K, reserved 1105920K
  class space    used 5131K, committed 5568K, reserved 1048576K
}
Event: 497.166 GC heap before
{Heap before GC invocations=841 (full 751):
 PSYoungGen      total 65536K, used 38912K [0x00000000f5580000, 0x00000000fb180000, 0x0000000100000000)
  eden space 38912K, 100% used [0x00000000f5580000,0x00000000f7b80000,0x00000000f7b80000)
  from space 26624K, 0% used [0x00000000f7b80000,0x00000000f7b80000,0x00000000f9580000)
  to   space 26624K, 0% used [0x00000000f9580000,0x00000000f9580000,0x00000000faf80000)
 ParOldGen       total 349696K, used 349696K [0x00000000e0000000, 0x00000000f5580000, 0x00000000f5580000)
  object space 349696K, 100% used [0x00000000e0000000,0x00000000f5580000,0x00000000f5580000)
 Metaspace       used 55099K, committed 56128K, reserved 1105920K
  class space    used 5131K, committed 5568K, reserved 1048576K
}
Event: 497.809 GC heap after
{Heap after GC invocations=841 (full 751):
 PSYoungGen      total 65536K, used 38912K [0x00000000f5580000, 0x00000000fb180000, 0x0000000100000000)
  eden space 38912K, 100% used [0x00000000f5580000,0x00000000f7b80000,0x00000000f7b80000)
  from space 26624K, 0% used [0x00000000f9580000,0x00000000f9580000,0x00000000faf80000)
  to   space 26624K, 0% used [0x00000000f7b80000,0x00000000f7b80000,0x00000000f9580000)
 ParOldGen       total 349696K, used 349696K [0x00000000e0000000, 0x00000000f5580000, 0x00000000f5580000)
  object space 349696K, 100% used [0x00000000e0000000,0x00000000f5580000,0x00000000f5580000)
 Metaspace       used 55099K, committed 56128K, reserved 1105920K
  class space    used 5131K, committed 5568K, reserved 1048576K
}
Event: 497.809 GC heap before
{Heap before GC invocations=842 (full 752):
 PSYoungGen      total 65536K, used 38912K [0x00000000f5580000, 0x00000000fb180000, 0x0000000100000000)
  eden space 38912K, 100% used [0x00000000f5580000,0x00000000f7b80000,0x00000000f7b80000)
  from space 26624K, 0% used [0x00000000f9580000,0x00000000f9580000,0x00000000faf80000)
  to   space 26624K, 0% used [0x00000000f7b80000,0x00000000f7b80000,0x00000000f9580000)
 ParOldGen       total 349696K, used 349696K [0x00000000e0000000, 0x00000000f5580000, 0x00000000f5580000)
  object space 349696K, 100% used [0x00000000e0000000,0x00000000f5580000,0x00000000f5580000)
 Metaspace       used 55099K, committed 56128K, reserved 1105920K
  class space    used 5131K, committed 5568K, reserved 1048576K
}
Event: 498.433 GC heap after
{Heap after GC invocations=842 (full 752):
 PSYoungGen      total 65536K, used 38912K [0x00000000f5580000, 0x00000000fb180000, 0x0000000100000000)
  eden space 38912K, 100% used [0x00000000f5580000,0x00000000f7b80000,0x00000000f7b80000)
  from space 26624K, 0% used [0x00000000f7b80000,0x00000000f7b80000,0x00000000f9580000)
  to   space 26624K, 0% used [0x00000000f9580000,0x00000000f9580000,0x00000000faf80000)
 ParOldGen       total 349696K, used 349696K [0x00000000e0000000, 0x00000000f5580000, 0x00000000f5580000)
  object space 349696K, 100% used [0x00000000e0000000,0x00000000f5580000,0x00000000f5580000)
 Metaspace       used 55099K, committed 56128K, reserved 1105920K
  class space    used 5131K, committed 5568K, reserved 1048576K
}
Event: 498.433 GC heap before
{Heap before GC invocations=843 (full 753):
 PSYoungGen      total 65536K, used 38912K [0x00000000f5580000, 0x00000000fb180000, 0x0000000100000000)
  eden space 38912K, 100% used [0x00000000f5580000,0x00000000f7b80000,0x00000000f7b80000)
  from space 26624K, 0% used [0x00000000f7b80000,0x00000000f7b80000,0x00000000f9580000)
  to   space 26624K, 0% used [0x00000000f9580000,0x00000000f9580000,0x00000000faf80000)
 ParOldGen       total 349696K, used 349696K [0x00000000e0000000, 0x00000000f5580000, 0x00000000f5580000)
  object space 349696K, 100% used [0x00000000e0000000,0x00000000f5580000,0x00000000f5580000)
 Metaspace       used 55099K, committed 56128K, reserved 1105920K
  class space    used 5131K, committed 5568K, reserved 1048576K
}
Event: 499.014 GC heap after
{Heap after GC invocations=843 (full 753):
 PSYoungGen      total 65536K, used 38912K [0x00000000f5580000, 0x00000000fb180000, 0x0000000100000000)
  eden space 38912K, 100% used [0x00000000f5580000,0x00000000f7b80000,0x00000000f7b80000)
  from space 26624K, 0% used [0x00000000f9580000,0x00000000f9580000,0x00000000faf80000)
  to   space 26624K, 0% used [0x00000000f7b80000,0x00000000f7b80000,0x00000000f9580000)
 ParOldGen       total 349696K, used 349696K [0x00000000e0000000, 0x00000000f5580000, 0x00000000f5580000)
  object space 349696K, 100% used [0x00000000e0000000,0x00000000f5580000,0x00000000f5580000)
 Metaspace       used 55099K, committed 56128K, reserved 1105920K
  class space    used 5131K, committed 5568K, reserved 1048576K
}
Event: 499.014 GC heap before
{Heap before GC invocations=844 (full 754):
 PSYoungGen      total 65536K, used 38912K [0x00000000f5580000, 0x00000000fb180000, 0x0000000100000000)
  eden space 38912K, 100% used [0x00000000f5580000,0x00000000f7b80000,0x00000000f7b80000)
  from space 26624K, 0% used [0x00000000f9580000,0x00000000f9580000,0x00000000faf80000)
  to   space 26624K, 0% used [0x00000000f7b80000,0x00000000f7b80000,0x00000000f9580000)
 ParOldGen       total 349696K, used 349696K [0x00000000e0000000, 0x00000000f5580000, 0x00000000f5580000)
  object space 349696K, 100% used [0x00000000e0000000,0x00000000f5580000,0x00000000f5580000)
 Metaspace       used 55099K, committed 56128K, reserved 1105920K
  class space    used 5131K, committed 5568K, reserved 1048576K
}
Event: 499.635 GC heap after
{Heap after GC invocations=844 (full 754):
 PSYoungGen      total 65536K, used 38912K [0x00000000f5580000, 0x00000000fb180000, 0x0000000100000000)
  eden space 38912K, 100% used [0x00000000f5580000,0x00000000f7b80000,0x00000000f7b80000)
  from space 26624K, 0% used [0x00000000f7b80000,0x00000000f7b80000,0x00000000f9580000)
  to   space 26624K, 0% used [0x00000000f9580000,0x00000000f9580000,0x00000000faf80000)
 ParOldGen       total 349696K, used 349696K [0x00000000e0000000, 0x00000000f5580000, 0x00000000f5580000)
  object space 349696K, 100% used [0x00000000e0000000,0x00000000f5580000,0x00000000f5580000)
 Metaspace       used 55099K, committed 56128K, reserved 1105920K
  class space    used 5131K, committed 5568K, reserved 1048576K
}
Event: 499.637 GC heap before
{Heap before GC invocations=845 (full 755):
 PSYoungGen      total 65536K, used 38912K [0x00000000f5580000, 0x00000000fb180000, 0x0000000100000000)
  eden space 38912K, 100% used [0x00000000f5580000,0x00000000f7b80000,0x00000000f7b80000)
  from space 26624K, 0% used [0x00000000f7b80000,0x00000000f7b80000,0x00000000f9580000)
  to   space 26624K, 0% used [0x00000000f9580000,0x00000000f9580000,0x00000000faf80000)
 ParOldGen       total 349696K, used 349696K [0x00000000e0000000, 0x00000000f5580000, 0x00000000f5580000)
  object space 349696K, 100% used [0x00000000e0000000,0x00000000f5580000,0x00000000f5580000)
 Metaspace       used 55099K, committed 56128K, reserved 1105920K
  class space    used 5131K, committed 5568K, reserved 1048576K
}
Event: 500.430 GC heap after
{Heap after GC invocations=845 (full 755):
 PSYoungGen      total 65536K, used 38912K [0x00000000f5580000, 0x00000000fb180000, 0x0000000100000000)
  eden space 38912K, 100% used [0x00000000f5580000,0x00000000f7b80000,0x00000000f7b80000)
  from space 26624K, 0% used [0x00000000f9580000,0x00000000f9580000,0x00000000faf80000)
  to   space 26624K, 0% used [0x00000000f7b80000,0x00000000f7b80000,0x00000000f9580000)
 ParOldGen       total 349696K, used 349696K [0x00000000e0000000, 0x00000000f5580000, 0x00000000f5580000)
  object space 349696K, 100% used [0x00000000e0000000,0x00000000f5580000,0x00000000f5580000)
 Metaspace       used 55099K, committed 56128K, reserved 1105920K
  class space    used 5131K, committed 5568K, reserved 1048576K
}
Event: 500.430 GC heap before
{Heap before GC invocations=846 (full 756):
 PSYoungGen      total 65536K, used 38912K [0x00000000f5580000, 0x00000000fb180000, 0x0000000100000000)
  eden space 38912K, 100% used [0x00000000f5580000,0x00000000f7b80000,0x00000000f7b80000)
  from space 26624K, 0% used [0x00000000f9580000,0x00000000f9580000,0x00000000faf80000)
  to   space 26624K, 0% used [0x00000000f7b80000,0x00000000f7b80000,0x00000000f9580000)
 ParOldGen       total 349696K, used 349696K [0x00000000e0000000, 0x00000000f5580000, 0x00000000f5580000)
  object space 349696K, 100% used [0x00000000e0000000,0x00000000f5580000,0x00000000f5580000)
 Metaspace       used 55099K, committed 56128K, reserved 1105920K
  class space    used 5131K, committed 5568K, reserved 1048576K
}
Event: 501.278 GC heap after
{Heap after GC invocations=846 (full 756):
 PSYoungGen      total 65536K, used 38912K [0x00000000f5580000, 0x00000000fb180000, 0x0000000100000000)
  eden space 38912K, 100% used [0x00000000f5580000,0x00000000f7b80000,0x00000000f7b80000)
  from space 26624K, 0% used [0x00000000f7b80000,0x00000000f7b80000,0x00000000f9580000)
  to   space 26624K, 0% used [0x00000000f9580000,0x00000000f9580000,0x00000000faf80000)
 ParOldGen       total 349696K, used 349696K [0x00000000e0000000, 0x00000000f5580000, 0x00000000f5580000)
  object space 349696K, 100% used [0x00000000e0000000,0x00000000f5580000,0x00000000f5580000)
 Metaspace       used 55099K, committed 56128K, reserved 1105920K
  class space    used 5131K, committed 5568K, reserved 1048576K
}

Dll operation events (8 events):
Event: 0.004 Loaded shared library /nix/store/gpxl5qgg8kicmcvivwmybwjlpf7wh20l-graalvm17-ce-22.3.0/lib/libjava.so
Event: 0.021 Loaded shared library /nix/store/gpxl5qgg8kicmcvivwmybwjlpf7wh20l-graalvm17-ce-22.3.0/lib/libjsvml.so
Event: 0.174 Loaded shared library /nix/store/gpxl5qgg8kicmcvivwmybwjlpf7wh20l-graalvm17-ce-22.3.0/lib/libnio.so
Event: 0.185 Loaded shared library /nix/store/gpxl5qgg8kicmcvivwmybwjlpf7wh20l-graalvm17-ce-22.3.0/lib/libjvmcicompiler.so
Event: 0.187 Loaded shared library /nix/store/gpxl5qgg8kicmcvivwmybwjlpf7wh20l-graalvm17-ce-22.3.0/lib/libzip.so
Event: 0.363 Loaded shared library /nix/store/gpxl5qgg8kicmcvivwmybwjlpf7wh20l-graalvm17-ce-22.3.0/lib/libjimage.so
Event: 1.026 Loaded shared library /nix/store/gpxl5qgg8kicmcvivwmybwjlpf7wh20l-graalvm17-ce-22.3.0/lib/libnet.so
Event: 1.516 Loaded shared library /home/runner/PLTW-Data-Analysis/.cache/jdt-language-server/config/org.eclipse.equinox.launcher/org.eclipse.equinox.launcher.gtk.linux.x86_64_1.2.400.v20211117-0650/eclipse_11600.so

Deoptimization events (20 events):
Event: 25.722 Thread 0x00007efd741c3300 DEOPT UNPACKING pc=0x00007efde7505325 sp=0x00007efde48fcba8 mode 0
Event: 26.552 Thread 0x00007efd741c3300 Uncommon trap: trap_request=0xffffffed fr.pc=0x00007efdef139967 relative=0x00000000000001c7
Event: 26.552 Thread 0x00007efd741c3300 Uncommon trap: reason=null_assert_or_unreached0 action=reinterpret pc=0x00007efdef139967 method=org.eclipse.jdt.internal.core.util.Util.indexOfJavaLikeExtension(Ljava/lang/String;)I @ 104 jvmci
Event: 26.552 Thread 0x00007efd741c3300 DEOPT PACKING pc=0x00007efdef139967 sp=0x00007efde48fdcd0
Event: 26.552 Thread 0x00007efd741c3300 DEOPT UNPACKING pc=0x00007efde7505325 sp=0x00007efde48fd168 mode 3
Event: 59.612 Thread 0x00007efd740376b0 Uncommon trap: trap_request=0xffffffcd fr.pc=0x00007efdef1fca9a relative=0x000000000000191a
Event: 59.612 Thread 0x00007efd740376b0 Uncommon trap: reason=intrinsic_or_type_checked_inlining action=reinterpret pc=0x00007efdef1fca9a method=org.eclipse.jdt.internal.compiler.parser.Parser.consumeRule(I)V @ 0 jvmci
Event: 59.612 Thread 0x00007efd740376b0 DEOPT PACKING pc=0x00007efdef1fca9a sp=0x00007efde48fddb0
Event: 59.612 Thread 0x00007efd740376b0 DEOPT UNPACKING pc=0x00007efde7505325 sp=0x00007efde48fd248 mode 3
Event: 79.676 Thread 0x00007efd740376b0 DEOPT PACKING pc=0x00007efde825f880 sp=0x00007efde48fd470
Event: 79.676 Thread 0x00007efd740376b0 DEOPT UNPACKING pc=0x00007efde7505325 sp=0x00007efde48fc9c8 mode 0
Event: 322.761 Thread 0x00007efe000d2db0 DEOPT PACKING pc=0x00007efde80c788c sp=0x00007efe04517ef0
Event: 322.761 Thread 0x00007efe000d2db0 DEOPT UNPACKING pc=0x00007efde7505325 sp=0x00007efe04517458 mode 0
Event: 495.425 Thread 0x00007efd740376b0 Uncommon trap: trap_request=0xffffff8f fr.pc=0x00007efdef006d00 relative=0x0000000000000d00
Event: 495.425 Thread 0x00007efd740376b0 Uncommon trap: reason=constraint action=none pc=0x00007efdef006d00 method=java.util.Arrays.copyOfRange([BII)[B @ 61 jvmci
Event: 498.433 Thread 0x00007efe000d2db0 Uncommon trap: trap_request=0xffffff8f fr.pc=0x00007efdef222284 relative=0x00000000000002e4
Event: 498.433 Thread 0x00007efe000d2db0 Uncommon trap: reason=constraint action=none pc=0x00007efdef222284 method=java.util.HashMap$HashIterator.nextNode()Ljava/util/HashMap$Node; @ 98 jvmci
Event: 499.637 Thread 0x00007efe000d2db0 DEOPT PACKING pc=0x00007efdef222284 sp=0x00007efe04518030
Event: 499.637 Thread 0x00007efe000d2db0 DEOPT UNPACKING pc=0x00007efde7505325 sp=0x00007efe04517338 mode 1
Event: 501.278 Thread 0x00007efd985e31b0 Uncommon trap: trap_request=0xffffff8f fr.pc=0x00007efdef1cd0ac relative=0x00000000000011ec

Classes unloaded (20 events):
Event: 71.480 Thread 0x00007efe000c27b0 Unloading class 0x0000000800f34000 'java/lang/invoke/LambdaForm$MH+0x0000000800f34000'
Event: 71.480 Thread 0x00007efe000c27b0 Unloading class 0x0000000800d8d000 'java/lang/invoke/LambdaForm$MH+0x0000000800d8d000'
Event: 71.480 Thread 0x00007efe000c27b0 Unloading class 0x0000000800d8cc00 'java/lang/invoke/LambdaForm$MH+0x0000000800d8cc00'
Event: 71.480 Thread 0x00007efe000c27b0 Unloading class 0x0000000800d8c800 'java/lang/invoke/LambdaForm$MH+0x0000000800d8c800'
Event: 71.480 Thread 0x00007efe000c27b0 Unloading class 0x0000000800d8c400 'java/lang/invoke/LambdaForm$MH+0x0000000800d8c400'
Event: 71.480 Thread 0x00007efe000c27b0 Unloading class 0x0000000800d8c000 'jdk/internal/reflect/GeneratedConstructorAccessor3'
Event: 71.480 Thread 0x00007efe000c27b0 Unloading class 0x0000000800cb2800 'java/lang/invoke/LambdaForm$MH+0x0000000800cb2800'
Event: 71.480 Thread 0x00007efe000c27b0 Unloading class 0x0000000800cb2000 'java/lang/invoke/LambdaForm$MH+0x0000000800cb2000'
Event: 71.480 Thread 0x00007efe000c27b0 Unloading class 0x0000000800cb1c00 'java/lang/invoke/LambdaForm$MH+0x0000000800cb1c00'
Event: 71.480 Thread 0x00007efe000c27b0 Unloading class 0x0000000800cb1800 'java/lang/invoke/LambdaForm$MH+0x0000000800cb1800'
Event: 71.480 Thread 0x00007efe000c27b0 Unloading class 0x0000000800cb1000 'java/lang/invoke/LambdaForm$MH+0x0000000800cb1000'
Event: 71.480 Thread 0x00007efe000c27b0 Unloading class 0x0000000800cb0c00 'java/lang/invoke/LambdaForm$MH+0x0000000800cb0c00'
Event: 71.480 Thread 0x00007efe000c27b0 Unloading class 0x0000000800cb0800 'java/lang/invoke/LambdaForm$MH+0x0000000800cb0800'
Event: 71.480 Thread 0x00007efe000c27b0 Unloading class 0x0000000800cb0000 'java/lang/invoke/LambdaForm$MH+0x0000000800cb0000'
Event: 71.480 Thread 0x00007efe000c27b0 Unloading class 0x0000000800c85000 'jdk/internal/reflect/GeneratedMethodAccessor5'
Event: 71.480 Thread 0x00007efe000c27b0 Unloading class 0x0000000800c84c00 'jdk/internal/reflect/GeneratedMethodAccessor4'
Event: 71.480 Thread 0x00007efe000c27b0 Unloading class 0x0000000800c84800 'jdk/internal/reflect/GeneratedMethodAccessor3'
Event: 71.480 Thread 0x00007efe000c27b0 Unloading class 0x0000000800c84400 'jdk/internal/reflect/GeneratedMethodAccessor2'
Event: 71.480 Thread 0x00007efe000c27b0 Unloading class 0x0000000800c84000 'jdk/internal/reflect/GeneratedMethodAccessor1'
Event: 71.480 Thread 0x00007efe000c27b0 Unloading class 0x0000000800c01c00 'java/lang/invoke/LambdaForm$DMH+0x0000000800c01c00'

Classes redefined (0 events):
No events

Internal exceptions (20 events):
Event: 13.833 Thread 0x00007efd58000ff0 Exception <a 'java/lang/NoSuchMethodError'{0x00000000f564b098}: 'java.lang.Object java.lang.invoke.DirectMethodHandle$Holder.newInvokeSpecial(java.lang.Object, java.lang.Object, java.lang.Object, long)'> (0x00000000f564b098) 
thrown [src/hotspot/share/interpreter/linkResolver.cpp, line 758]
Event: 13.833 Thread 0x00007efd58000ff0 Exception <a 'java/lang/NoSuchMethodError'{0x00000000f5650430}: 'java.lang.Object java.lang.invoke.DirectMethodHandle$Holder.invokeSpecial(java.lang.Object, java.lang.Object, java.lang.Object, java.lang.Object, long)'> (0x00000000f5650430) 
thrown [src/hotspot/share/interpreter/linkResolver.cpp, line 758]
Event: 13.833 Thread 0x00007efd58000ff0 Exception <a 'java/lang/NoSuchMethodError'{0x00000000f5654470}: 'java.lang.Object java.lang.invoke.Invokers$Holder.linkToTargetMethod(java.lang.Object, java.lang.Object, long, java.lang.Object)'> (0x00000000f5654470) 
thrown [src/hotspot/share/interpreter/linkResolver.cpp, line 758]
Event: 13.844 Thread 0x00007efd58000ff0 Exception <a 'java/lang/NoSuchMethodError'{0x00000000f587a438}: 'java.lang.Object java.lang.invoke.DirectMethodHandle$Holder.newInvokeSpecial(java.lang.Object, java.lang.Object, int, java.lang.Object, java.lang.Object)'> (0x00000000f587a438) 
thrown [src/hotspot/share/interpreter/linkResolver.cpp, line 758]
Event: 13.844 Thread 0x00007efd58000ff0 Exception <a 'java/lang/NoSuchMethodError'{0x00000000f587f730}: 'java.lang.Object java.lang.invoke.DirectMethodHandle$Holder.invokeSpecial(java.lang.Object, java.lang.Object, java.lang.Object, int, java.lang.Object, java.lang.Object)'> (0x00000000f587f730) 
thrown [src/hotspot/share/interpreter/linkResolver.cpp, line 758]
Event: 13.902 Thread 0x00007efd741c0140 Implicit null exception at 0x00007efdef13c3a2 to 0x00007efdef13c732
Event: 15.002 Thread 0x00007efd985e31b0 Implicit null exception at 0x00007efdef163144 to 0x00007efdef164fdb
Event: 15.105 Thread 0x00007efd741c0140 Exception <a 'java/lang/NoSuchMethodError'{0x00000000f5cf7250}: 'java.lang.Object java.lang.invoke.DirectMethodHandle$Holder.newInvokeSpecial(java.lang.Object, java.lang.Object, int, java.lang.Object, java.lang.Object, java.lang.Object, java.lang.Object)'> (0x00000000f5cf7250) 
thrown [src/hotspot/share/interpreter/linkResolver.cpp, line 758]
Event: 15.145 Thread 0x00007efd741c0140 Exception <a 'java/lang/NoSuchMethodError'{0x00000000f6473028}: 'int java.lang.invoke.DirectMethodHandle$Holder.invokeSpecialIFC(java.lang.Object, java.lang.Object, java.lang.Object, java.lang.Object)'> (0x00000000f6473028) 
thrown [src/hotspot/share/interpreter/linkResolver.cpp, line 758]
Event: 477.089 Thread 0x00007efd58000ff0 Exception <a 'java/lang/OutOfMemoryError'{0x00000000e045c228}> (0x00000000e045c228) 
thrown [src/hotspot/share/gc/shared/memAllocator.cpp, line 136]
Event: 481.900 Thread 0x00007efd58000ff0 Exception <a 'java/lang/OutOfMemoryError'{0x00000000e045c4f8}> (0x00000000e045c4f8) 
thrown [src/hotspot/share/gc/shared/memAllocator.cpp, line 136]
Event: 495.425 Thread 0x00007efd740376b0 Exception <a 'java/lang/OutOfMemoryError'{0x00000000e04694a0}> (0x00000000e04694a0) 
thrown [src/hotspot/share/gc/shared/memAllocator.cpp, line 138]
Event: 495.425 Thread 0x00007efd740376b0 Implicit null exception at 0x00007efdef0067d7 to 0x00007efdef006ce5
Event: 496.510 Thread 0x00007efe00326020 Exception <a 'java/lang/OutOfMemoryError'{0x00000000e04697c0}> (0x00000000e04697c0) 
thrown [src/hotspot/share/gc/shared/memAllocator.cpp, line 136]
Event: 498.433 Thread 0x00007efe000d2db0 Exception <a 'java/lang/OutOfMemoryError'{0x00000000e0469480}> (0x00000000e0469480) 
thrown [src/hotspot/share/gc/shared/memAllocator.cpp, line 138]
Event: 498.433 Thread 0x00007efe000d2db0 Implicit null exception at 0x00007efdef222171 to 0x00007efdef222269
Event: 499.637 Thread 0x00007efe000d2db0 Exception <a 'java/lang/OutOfMemoryError'{0x00000000e04697a0}> (0x00000000e04697a0) 
thrown [src/hotspot/share/gc/shared/memAllocator.cpp, line 136]
Event: 499.637 Thread 0x00007efe000d2db0 Exception <a 'java/lang/OutOfMemoryError'{0x00000000e0469500}> (0x00000000e0469500) 
thrown [src/hotspot/share/runtime/deoptimization.cpp, line 1108]
Event: 501.278 Thread 0x00007efd985e31b0 Exception <a 'java/lang/OutOfMemoryError'{0x00000000e0469480}> (0x00000000e0469480) 
thrown [src/hotspot/share/gc/shared/memAllocator.cpp, line 138]
Event: 501.278 Thread 0x00007efd985e31b0 Implicit null exception at 0x00007efdef1ccaf3 to 0x00007efdef1cd091

VM Operations (20 events):
Event: 492.251 Executing VM operation: ParallelGCFailedAllocation done
Event: 492.251 Executing VM operation: ParallelGCFailedAllocation
Event: 492.861 Executing VM operation: ParallelGCFailedAllocation done
Event: 492.861 Executing VM operation: ParallelGCFailedAllocation
Event: 493.477 Executing VM operation: ParallelGCFailedAllocation done
Event: 493.477 Executing VM operation: ParallelGCFailedAllocation
Event: 494.037 Executing VM operation: ParallelGCFailedAllocation done
Event: 494.038 Executing VM operation: ParallelGCFailedAllocation
Event: 495.425 Executing VM operation: ParallelGCFailedAllocation done
Event: 495.425 Executing VM operation: ParallelGCFailedAllocation
Event: 496.510 Executing VM operation: ParallelGCFailedAllocation done
Event: 496.510 Executing VM operation: ParallelGCFailedAllocation
Event: 497.166 Executing VM operation: ParallelGCFailedAllocation done
Event: 497.166 Executing VM operation: ParallelGCFailedAllocation
Event: 498.433 Executing VM operation: ParallelGCFailedAllocation done
Event: 498.433 Executing VM operation: ParallelGCFailedAllocation
Event: 499.635 Executing VM operation: ParallelGCFailedAllocation done
Event: 499.637 Executing VM operation: ParallelGCFailedAllocation
Event: 501.278 Executing VM operation: ParallelGCFailedAllocation done
Event: 501.278 Executing VM operation: ParallelGCFailedAllocation

Events (20 events):
Event: 24.792 Thread 0x00007efd80494320 Thread exited: 0x00007efd80494320
Event: 25.615 Thread 0x00007efd740376b0 Thread added: 0x00007efd740376b0
Event: 25.617 Protecting memory [0x00007efde4500000,0x00007efde4504000] with protection modes 0
Event: 25.617 Thread 0x00007efd741c2710 Thread added: 0x00007efd741c2710
Event: 25.618 Protecting memory [0x00007efde4c00000,0x00007efde4c04000] with protection modes 0
Event: 25.622 Thread 0x00007efd741c3300 Thread added: 0x00007efd741c3300
Event: 25.622 Thread 0x00007efd740376b0 Thread exited: 0x00007efd740376b0
Event: 25.622 Protecting memory [0x00007efde4800000,0x00007efde4804000] with protection modes 0
Event: 25.679 Thread 0x00007efe000d5320 flushing nmethod 0x00007efde8191190
Event: 25.685 Thread 0x00007efe000d5320 flushing nmethod 0x00007efde89db810
Event: 25.685 Thread 0x00007efe000d5320 flushing nmethod 0x00007efde89dc510
Event: 26.515 Thread 0x00007efd740376b0 Thread added: 0x00007efd740376b0
Event: 26.515 Protecting memory [0x00007efde4500000,0x00007efde4504000] with protection modes 0
Event: 27.968 Thread 0x00007efd740376b0 Thread exited: 0x00007efd740376b0
Event: 27.972 Thread 0x00007efd741c3300 Thread exited: 0x00007efd741c3300
Event: 28.667 Thread 0x00007efd740376b0 Thread added: 0x00007efd740376b0
Event: 28.667 Protecting memory [0x00007efde4800000,0x00007efde4804000] with protection modes 0
Event: 63.727 Thread 0x00007efe00250a20 Thread exited: 0x00007efe00250a20
Event: 94.579 Thread 0x00007efd8401f9e0 Thread exited: 0x00007efd8401f9e0
Event: 95.768 Thread 0x00007efd800010d0 Thread exited: 0x00007efd800010d0


Dynamic libraries:
e0000000-efb80000 rw-p 00000000 00:00 0 
efb80000-fb180000 rw-p 00000000 00:00 0 
fb180000-100000000 ---p 00000000 00:00 0 
800000000-800449000 rw-p 00001000 08:30 707969865                        /nix/store/gpxl5qgg8kicmcvivwmybwjlpf7wh20l-graalvm17-ce-22.3.0/lib/server/classes.jsa
800449000-800bc8000 r--p 0044a000 08:30 707969865                        /nix/store/gpxl5qgg8kicmcvivwmybwjlpf7wh20l-graalvm17-ce-22.3.0/lib/server/classes.jsa
800bc8000-800c00000 ---p 00000000 00:00 0 
800c00000-800c10000 rw-p 00000000 00:00 0 
800c10000-800c30000 rw-p 00000000 00:00 0 
800c30000-800cb0000 rw-p 00000000 00:00 0 
800cb0000-800cf0000 rw-p 00000000 00:00 0 
800cf0000-800db0000 rw-p 00000000 00:00 0 
800db0000-800df0000 rw-p 00000000 00:00 0 
800df0000-801170000 rw-p 00000000 00:00 0 
801170000-840c00000 ---p 00000000 00:00 0 
56017b3fe000-56017b3ff000 r-xp 00000000 08:30 672029940                  /nix/store/gpxl5qgg8kicmcvivwmybwjlpf7wh20l-graalvm17-ce-22.3.0/bin/.java-wrapped
56017b400000-56017b401000 r--p 00001000 08:30 672029940                  /nix/store/gpxl5qgg8kicmcvivwmybwjlpf7wh20l-graalvm17-ce-22.3.0/bin/.java-wrapped
56017b401000-56017b402000 rw-p 00002000 08:30 672029940                  /nix/store/gpxl5qgg8kicmcvivwmybwjlpf7wh20l-graalvm17-ce-22.3.0/bin/.java-wrapped
56017b402000-56017b403000 rw-p 00004000 08:30 672029940                  /nix/store/gpxl5qgg8kicmcvivwmybwjlpf7wh20l-graalvm17-ce-22.3.0/bin/.java-wrapped
56017b403000-56017b404000 rw-p 00005000 08:30 672029940                  /nix/store/gpxl5qgg8kicmcvivwmybwjlpf7wh20l-graalvm17-ce-22.3.0/bin/.java-wrapped
56017cf05000-56017cf4d000 rw-p 00000000 00:00 0                          [heap]
7efd48000000-7efd4804c000 rw-p 00000000 00:00 0 
7efd4804c000-7efd4c000000 ---p 00000000 00:00 0 
7efd50000000-7efd50021000 rw-p 00000000 00:00 0 
7efd50021000-7efd54000000 ---p 00000000 00:00 0 
7efd54000000-7efd54067000 rw-p 00000000 00:00 0 
7efd54067000-7efd58000000 ---p 00000000 00:00 0 
7efd58000000-7efd5806f000 rw-p 00000000 00:00 0 
7efd5806f000-7efd5c000000 ---p 00000000 00:00 0 
7efd5c800000-7efd5c9b0000 rw-p 00000000 00:00 0 
7efd5c9b0000-7efd5d000000 ---p 00000000 00:00 0 
7efd5d000000-7efd5d5b0000 rw-p 00000000 00:00 0 
7efd5d5b0000-7efd5d600000 ---p 00000000 00:00 0 
7efd5d600000-7efd5d800000 rw-p 00000000 00:00 0 
7efd5e4b3000-7efd68000000 r--s 00000000 08:30 707804677                  /nix/store/gpxl5qgg8kicmcvivwmybwjlpf7wh20l-graalvm17-ce-22.3.0/lib/modules
7efd68000000-7efd682e3000 rw-p 00000000 00:00 0 
7efd682e3000-7efd6c000000 ---p 00000000 00:00 0 
7efd6c000000-7efd6c05b000 rw-p 00000000 00:00 0 
7efd6c05b000-7efd70000000 ---p 00000000 00:00 0 
7efd70000000-7efd70021000 rw-p 00000000 00:00 0 
7efd70021000-7efd74000000 ---p 00000000 00:00 0 
7efd74000000-7efd741d5000 rw-p 00000000 00:00 0 
7efd741d5000-7efd78000000 ---p 00000000 00:00 0 
7efd78000000-7efd78063000 rw-p 00000000 00:00 0 
7efd78063000-7efd7c000000 ---p 00000000 00:00 0 
7efd7c000000-7efd7c021000 rw-p 00000000 00:00 0 
7efd7c021000-7efd80000000 ---p 00000000 00:00 0 
7efd80000000-7efd8049b000 rw-p 00000000 00:00 0 
7efd8049b000-7efd84000000 ---p 00000000 00:00 0 
7efd84000000-7efd840c7000 rw-p 00000000 00:00 0 
7efd840c7000-7efd88000000 ---p 00000000 00:00 0 
7efd88000000-7efd88021000 rw-p 00000000 00:00 0 
7efd88021000-7efd8c000000 ---p 00000000 00:00 0 
7efd8d400000-7efd8d9a0000 rw-p 00000000 00:00 0 
7efd8d9a0000-7efd8d9f0000 rw-p 00000000 00:00 0 
7efd8d9f0000-7efd8daf0000 rw-p 00000000 00:00 0 
7efd8daf0000-7efd8dbf0000 rw-p 00000000 00:00 0 
7efd8dbf0000-7efd8e0f0000 rw-p 00000000 00:00 0 
7efd8e0f0000-7efd8e1f0000 rw-p 00000000 00:00 0 
7efd8e1f0000-7efd8e3f0000 rw-p 00000000 00:00 0 
7efd8e3f0000-7efd8e400000 rw-p 00000000 00:00 0 
7efd8f000000-7efd8f2f0000 rw-p 00000000 00:00 0 
7efd8f2f0000-7efd8f3f0000 rw-p 00000000 00:00 0 
7efd8f3f0000-7efd8f7f0000 rw-p 00000000 00:00 0 
7efd8f7f0000-7efd8f8f0000 rw-p 00000000 00:00 0 
7efd8f8f0000-7efd8f9f0000 rw-p 00000000 00:00 0 
7efd8f9f0000-7efd8fef0000 rw-p 00000000 00:00 0 
7efd8fef0000-7efd90000000 rw-p 00000000 00:00 0 
7efd90000000-7efd90021000 rw-p 00000000 00:00 0 
7efd90021000-7efd94000000 ---p 00000000 00:00 0 
7efd94000000-7efd9411b000 rw-p 00000000 00:00 0 
7efd9411b000-7efd98000000 ---p 00000000 00:00 0 
7efd98000000-7efd98872000 rw-p 00000000 00:00 0 
7efd98872000-7efd9c000000 ---p 00000000 00:00 0 
7efd9c000000-7efd9c069000 rw-p 00000000 00:00 0 
7efd9c069000-7efda0000000 ---p 00000000 00:00 0 
7efda0000000-7efda0021000 rw-p 00000000 00:00 0 
7efda0021000-7efda4000000 ---p 00000000 00:00 0 
7efda4000000-7efda4021000 rw-p 00000000 00:00 0 
7efda4021000-7efda8000000 ---p 00000000 00:00 0 
7efda8000000-7efda8021000 rw-p 00000000 00:00 0 
7efda8021000-7efdac000000 ---p 00000000 00:00 0 
7efdac400000-7efdac410000 r-xp 00000000 00:45 310                        /home/runner/PLTW-Data-Analysis/.cache/jdt-language-server/config/org.eclipse.equinox.launcher/org.eclipse.equinox.launcher.gtk.linux.x86_64_1.2.400.v20211117-0650/eclipse_11600.so
7efdac410000-7efdac60f000 ---p 00010000 00:45 310                        /home/runner/PLTW-Data-Analysis/.cache/jdt-language-server/config/org.eclipse.equinox.launcher/org.eclipse.equinox.launcher.gtk.linux.x86_64_1.2.400.v20211117-0650/eclipse_11600.so
7efdac60f000-7efdac610000 r--p 0000f000 00:45 310                        /home/runner/PLTW-Data-Analysis/.cache/jdt-language-server/config/org.eclipse.equinox.launcher/org.eclipse.equinox.launcher.gtk.linux.x86_64_1.2.400.v20211117-0650/eclipse_11600.so
7efdac610000-7efdac611000 rw-p 00010000 00:45 310                        /home/runner/PLTW-Data-Analysis/.cache/jdt-language-server/config/org.eclipse.equinox.launcher/org.eclipse.equinox.launcher.gtk.linux.x86_64_1.2.400.v20211117-0650/eclipse_11600.so
7efdac6fe000-7efdac6ff000 ---p 00000000 00:00 0 
7efdac6ff000-7efdac800000 rw-p 00000000 00:00 0 
7efdacb00000-7efdacc00000 ---p 00000000 00:00 0 
7efdacc00000-7efdad1af000 r--p 01122000 08:30 707802136                  /nix/store/gpxl5qgg8kicmcvivwmybwjlpf7wh20l-graalvm17-ce-22.3.0/lib/libjvmcicompiler.so
7efdad1af000-7efdad300000 r--p 00000000 00:00 0 
7efdad300000-7efdad33d000 rw-p 00000000 00:00 0 
7efdad33d000-7efdad85d000 rw-p 0185f000 08:30 707802136                  /nix/store/gpxl5qgg8kicmcvivwmybwjlpf7wh20l-graalvm17-ce-22.3.0/lib/libjvmcicompiler.so
7efdad85d000-7efdadc44000 r--p 01d7f000 08:30 707802136                  /nix/store/gpxl5qgg8kicmcvivwmybwjlpf7wh20l-graalvm17-ce-22.3.0/lib/libjvmcicompiler.so
7efdadd00000-7efdadd04000 ---p 00000000 00:00 0 
7efdadd04000-7efdade00000 rw-p 00000000 00:00 0 
7efdadf00000-7efdadf04000 ---p 00000000 00:00 0 
7efdadf04000-7efdae000000 rw-p 00000000 00:00 0 
7efdae100000-7efdae104000 ---p 00000000 00:00 0 
7efdae104000-7efdae200000 rw-p 00000000 00:00 0 
7efdae300000-7efdae304000 ---p 00000000 00:00 0 
7efdae304000-7efdae400000 rw-p 00000000 00:00 0 
7efdae500000-7efdae504000 ---p 00000000 00:00 0 
7efdae504000-7efdae600000 rw-p 00000000 00:00 0 
7efdae700000-7efdae704000 ---p 00000000 00:00 0 
7efdae704000-7efdae800000 rw-p 00000000 00:00 0 
7efdae900000-7efdae904000 ---p 00000000 00:00 0 
7efdae904000-7efdaea00000 rw-p 00000000 00:00 0 
7efdaeb00000-7efdaeb04000 ---p 00000000 00:00 0 
7efdaeb04000-7efdaec00000 rw-p 00000000 00:00 0 
7efdaed00000-7efdaed04000 ---p 00000000 00:00 0 
7efdaed04000-7efdaee00000 rw-p 00000000 00:00 0 
7efdafa68000-7efdaff00000 rw-p 00000000 00:00 0 
7efdb0000000-7efdb0021000 rw-p 00000000 00:00 0 
7efdb0021000-7efdb4000000 ---p 00000000 00:00 0 
7efdb4000000-7efdb4021000 rw-p 00000000 00:00 0 
7efdb4021000-7efdb8000000 ---p 00000000 00:00 0 
7efdb8000000-7efdb8021000 rw-p 00000000 00:00 0 
7efdb8021000-7efdbc000000 ---p 00000000 00:00 0 
7efdbc000000-7efdbc021000 rw-p 00000000 00:00 0 
7efdbc021000-7efdc0000000 ---p 00000000 00:00 0 
7efdc0000000-7efdc00d9000 rw-p 00000000 00:00 0 
7efdc00d9000-7efdc4000000 ---p 00000000 00:00 0 
7efdc4000000-7efdc4b63000 rw-p 00000000 00:00 0 
7efdc4b63000-7efdc8000000 ---p 00000000 00:00 0 
7efdc8000000-7efdc8021000 rw-p 00000000 00:00 0 
7efdc8021000-7efdcc000000 ---p 00000000 00:00 0 
7efdcc000000-7efdcc021000 rw-p 00000000 00:00 0 
7efdcc021000-7efdd0000000 ---p 00000000 00:00 0 
7efdd0000000-7efdd0021000 rw-p 00000000 00:00 0 
7efdd0021000-7efdd4000000 ---p 00000000 00:00 0 
7efdd4000000-7efdd4021000 rw-p 00000000 00:00 0 
7efdd4021000-7efdd8000000 ---p 00000000 00:00 0 
7efdd8000000-7efdd8021000 rw-p 00000000 00:00 0 
7efdd8021000-7efddc000000 ---p 00000000 00:00 0 
7efddc000000-7efddc021000 rw-p 00000000 00:00 0 
7efddc021000-7efde0000000 ---p 00000000 00:00 0 
7efde0000000-7efde003b000 rw-p 00000000 00:00 0 
7efde003b000-7efde4000000 ---p 00000000 00:00 0 
7efde4100000-7efde4104000 ---p 00000000 00:00 0 
7efde4104000-7efde4200000 rw-p 00000000 00:00 0 
7efde4300000-7efde4304000 ---p 00000000 00:00 0 
7efde4304000-7efde4400000 rw-p 00000000 00:00 0 
7efde4500000-7efde4504000 ---p 00000000 00:00 0 
7efde4504000-7efde4600000 rw-p 00000000 00:00 0 
7efde4700000-7efde4704000 ---p 00000000 00:00 0 
7efde4704000-7efde4800000 rw-p 00000000 00:00 0 
7efde4800000-7efde4804000 ---p 00000000 00:00 0 
7efde4804000-7efde4900000 rw-p 00000000 00:00 0 
7efde4900000-7efde4904000 ---p 00000000 00:00 0 
7efde4904000-7efde4a00000 rw-p 00000000 00:00 0 
7efde4b00000-7efde4b04000 ---p 00000000 00:00 0 
7efde4b04000-7efde4c00000 rw-p 00000000 00:00 0 
7efde4c00000-7efde4c04000 ---p 00000000 00:00 0 
7efde4c04000-7efde4d00000 rw-p 00000000 00:00 0 
7efde4d00000-7efde4d04000 ---p 00000000 00:00 0 
7efde4d04000-7efde4e00000 rw-p 00000000 00:00 0 
7efde4e00000-7efde6f6a000 r-xp 00000000 08:30 707802136                  /nix/store/gpxl5qgg8kicmcvivwmybwjlpf7wh20l-graalvm17-ce-22.3.0/lib/libjvmcicompiler.so
7efde6f6a000-7efde7169000 ---p 0216a000 08:30 707802136                  /nix/store/gpxl5qgg8kicmcvivwmybwjlpf7wh20l-graalvm17-ce-22.3.0/lib/libjvmcicompiler.so
7efde7169000-7efde716a000 r--p 02169000 08:30 707802136                  /nix/store/gpxl5qgg8kicmcvivwmybwjlpf7wh20l-graalvm17-ce-22.3.0/lib/libjvmcicompiler.so
7efde716a000-7efde716c000 rw-p 0216a000 08:30 707802136                  /nix/store/gpxl5qgg8kicmcvivwmybwjlpf7wh20l-graalvm17-ce-22.3.0/lib/libjvmcicompiler.so
7efde716c000-7efde716d000 rw-p 00000000 00:00 0 
7efde716d000-7efde7172000 rw-p 023c3000 08:30 707802136                  /nix/store/gpxl5qgg8kicmcvivwmybwjlpf7wh20l-graalvm17-ce-22.3.0/lib/libjvmcicompiler.so
7efde71b1000-7efde71b2000 ---p 00000000 00:00 0 
7efde71b2000-7efde72b3000 rw-p 00000000 00:00 0 
7efde72b3000-7efde72b7000 ---p 00000000 00:00 0 
7efde72b7000-7efde73b3000 rw-p 00000000 00:00 0 
7efde73b3000-7efde73b7000 ---p 00000000 00:00 0 
7efde73b7000-7efde74b3000 rw-p 00000000 00:00 0 
7efde74b3000-7efde7723000 rwxp 00000000 00:00 0 
7efde7723000-7efde7a42000 ---p 00000000 00:00 0 
7efde7a42000-7efde8bc2000 rwxp 00000000 00:00 0 
7efde8bc2000-7efdeef7a000 ---p 00000000 00:00 0 
7efdeef7a000-7efdef22a000 rwxp 00000000 00:00 0 
7efdef22a000-7efdf64b3000 ---p 00000000 00:00 0 
7efdf64b3000-7efe00000000 r--s 00000000 08:30 707804677                  /nix/store/gpxl5qgg8kicmcvivwmybwjlpf7wh20l-graalvm17-ce-22.3.0/lib/modules
7efe00000000-7efe00460000 rw-p 00000000 00:00 0 
7efe00460000-7efe04000000 ---p 00000000 00:00 0 
7efe0401a000-7efe0401e000 ---p 00000000 00:00 0 
7efe0401e000-7efe0411a000 rw-p 00000000 00:00 0 
7efe0411a000-7efe0411e000 ---p 00000000 00:00 0 
7efe0411e000-7efe0431a000 rw-p 00000000 00:00 0 
7efe0431a000-7efe0431e000 ---p 00000000 00:00 0 
7efe0431e000-7efe0451a000 rw-p 00000000 00:00 0 
7efe0451a000-7efe0451e000 ---p 00000000 00:00 0 
7efe0451e000-7efe0461a000 rw-p 00000000 00:00 0 
7efe0461a000-7efe0461e000 ---p 00000000 00:00 0 
7efe0461e000-7efe0471a000 rw-p 00000000 00:00 0 
7efe0471a000-7efe0471e000 ---p 00000000 00:00 0 
7efe0471e000-7efe0481a000 rw-p 00000000 00:00 0 
7efe0481a000-7efe04b00000 r--p 00000000 fc:00 28444448                   /usr/lib/locale/locale-archive
7efe04b00000-7efe04b04000 ---p 00000000 00:00 0 
7efe04b04000-7efe04ff0000 rw-p 00000000 00:00 0 
7efe04ff0000-7efe052f0000 rw-p 00000000 00:00 0 
7efe052f0000-7efe05400000 rw-p 00000000 00:00 0 
7efe05476000-7efe0547a000 ---p 00000000 00:00 0 
7efe0547a000-7efe05498000 rw-p 00000000 00:00 0 
7efe05498000-7efe0549f000 r-xp 00000000 08:30 707804676                  /nix/store/gpxl5qgg8kicmcvivwmybwjlpf7wh20l-graalvm17-ce-22.3.0/lib/libzip.so
7efe0549f000-7efe054a0000 ---p 00007000 08:30 707804676                  /nix/store/gpxl5qgg8kicmcvivwmybwjlpf7wh20l-graalvm17-ce-22.3.0/lib/libzip.so
7efe054a0000-7efe054a1000 r--p 00007000 08:30 707804676                  /nix/store/gpxl5qgg8kicmcvivwmybwjlpf7wh20l-graalvm17-ce-22.3.0/lib/libzip.so
7efe054a1000-7efe054a2000 rw-p 00008000 08:30 707804676                  /nix/store/gpxl5qgg8kicmcvivwmybwjlpf7wh20l-graalvm17-ce-22.3.0/lib/libzip.so
7efe054a2000-7efe054a4000 rw-p 0000b000 08:30 707804676                  /nix/store/gpxl5qgg8kicmcvivwmybwjlpf7wh20l-graalvm17-ce-22.3.0/lib/libzip.so
7efe054a4000-7efe054b9000 r-xp 00000000 08:30 707804666                  /nix/store/gpxl5qgg8kicmcvivwmybwjlpf7wh20l-graalvm17-ce-22.3.0/lib/libnet.so
7efe054b9000-7efe054ba000 ---p 00015000 08:30 707804666                  /nix/store/gpxl5qgg8kicmcvivwmybwjlpf7wh20l-graalvm17-ce-22.3.0/lib/libnet.so
7efe054ba000-7efe054bb000 r--p 00015000 08:30 707804666                  /nix/store/gpxl5qgg8kicmcvivwmybwjlpf7wh20l-graalvm17-ce-22.3.0/lib/libnet.so
7efe054bb000-7efe054bc000 rw-p 00016000 08:30 707804666                  /nix/store/gpxl5qgg8kicmcvivwmybwjlpf7wh20l-graalvm17-ce-22.3.0/lib/libnet.so
7efe054bc000-7efe054bf000 rw-p 0001b000 08:30 707804666                  /nix/store/gpxl5qgg8kicmcvivwmybwjlpf7wh20l-graalvm17-ce-22.3.0/lib/libnet.so
7efe054bf000-7efe054d2000 r-xp 00000000 08:30 707804667                  /nix/store/gpxl5qgg8kicmcvivwmybwjlpf7wh20l-graalvm17-ce-22.3.0/lib/libnio.so
7efe054d2000-7efe054d3000 r--p 00012000 08:30 707804667                  /nix/store/gpxl5qgg8kicmcvivwmybwjlpf7wh20l-graalvm17-ce-22.3.0/lib/libnio.so
7efe054d3000-7efe054d4000 rw-p 00013000 08:30 707804667                  /nix/store/gpxl5qgg8kicmcvivwmybwjlpf7wh20l-graalvm17-ce-22.3.0/lib/libnio.so
7efe054d4000-7efe054d9000 rw-p 00019000 08:30 707804667                  /nix/store/gpxl5qgg8kicmcvivwmybwjlpf7wh20l-graalvm17-ce-22.3.0/lib/libnio.so
7efe054d9000-7efe054dd000 ---p 00000000 00:00 0 
7efe054dd000-7efe055d9000 rw-p 00000000 00:00 0 
7efe055d9000-7efe055da000 ---p 00000000 00:00 0 
7efe055da000-7efe056db000 rw-p 00000000 00:00 0 
7efe056db000-7efe057a9000 r-xp 00000000 08:30 707802132                  /nix/store/gpxl5qgg8kicmcvivwmybwjlpf7wh20l-graalvm17-ce-22.3.0/lib/libjsvml.so
7efe057a9000-7efe057aa000 r--p 000cd000 08:30 707802132                  /nix/store/gpxl5qgg8kicmcvivwmybwjlpf7wh20l-graalvm17-ce-22.3.0/lib/libjsvml.so
7efe057aa000-7efe057ab000 rw-p 000ce000 08:30 707802132                  /nix/store/gpxl5qgg8kicmcvivwmybwjlpf7wh20l-graalvm17-ce-22.3.0/lib/libjsvml.so
7efe057ab000-7efe07386000 rw-p 00000000 00:00 0 
7efe07386000-7efe07387000 ---p 00000000 00:00 0 
7efe07387000-7efe07506000 rw-p 00000000 00:00 0 
7efe07506000-7efe07561000 rw-p 00000000 00:00 0 
7efe07561000-7efe07588000 ---p 00000000 00:00 0 
7efe07588000-7efe0758f000 rw-p 00000000 00:00 0 
7efe0758f000-7efe07674000 ---p 00000000 00:00 0 
7efe07674000-7efe07697000 rw-p 00000000 00:00 0 
7efe07697000-7efe0775f000 ---p 00000000 00:00 0 
7efe0775f000-7efe07764000 rw-p 00000000 00:00 0 
7efe07764000-7efe0776b000 ---p 00000000 00:00 0 
7efe0776b000-7efe0778f000 r-xp 00000000 08:30 707802124                  /nix/store/gpxl5qgg8kicmcvivwmybwjlpf7wh20l-graalvm17-ce-22.3.0/lib/libjava.so
7efe0778f000-7efe07790000 ---p 00024000 08:30 707802124                  /nix/store/gpxl5qgg8kicmcvivwmybwjlpf7wh20l-graalvm17-ce-22.3.0/lib/libjava.so
7efe07790000-7efe07791000 r--p 00024000 08:30 707802124                  /nix/store/gpxl5qgg8kicmcvivwmybwjlpf7wh20l-graalvm17-ce-22.3.0/lib/libjava.so
7efe07791000-7efe07792000 rw-p 00025000 08:30 707802124                  /nix/store/gpxl5qgg8kicmcvivwmybwjlpf7wh20l-graalvm17-ce-22.3.0/lib/libjava.so
7efe07792000-7efe07793000 rw-p 00000000 00:00 0 
7efe07793000-7efe0779a000 rw-p 0002f000 08:30 707802124                  /nix/store/gpxl5qgg8kicmcvivwmybwjlpf7wh20l-graalvm17-ce-22.3.0/lib/libjava.so
7efe0779a000-7efe077a2000 rw-s 00000000 00:661 397                       /tmp/hsperfdata_runner/55
7efe077a2000-7efe077a3000 ---p 00000000 00:00 0 
7efe077a3000-7efe077a4000 r--p 00000000 00:00 0 
7efe077a4000-7efe077a5000 rwxp 00000000 00:00 0 
7efe077a5000-7efe077c0000 r-xp 00000000 08:30 707802128                  /nix/store/gpxl5qgg8kicmcvivwmybwjlpf7wh20l-graalvm17-ce-22.3.0/lib/libjimage.so
7efe077c0000-7efe077c1000 ---p 0001b000 08:30 707802128                  /nix/store/gpxl5qgg8kicmcvivwmybwjlpf7wh20l-graalvm17-ce-22.3.0/lib/libjimage.so
7efe077c1000-7efe077c3000 r--p 0001b000 08:30 707802128                  /nix/store/gpxl5qgg8kicmcvivwmybwjlpf7wh20l-graalvm17-ce-22.3.0/lib/libjimage.so
7efe077c3000-7efe077c4000 rw-p 0001d000 08:30 707802128                  /nix/store/gpxl5qgg8kicmcvivwmybwjlpf7wh20l-graalvm17-ce-22.3.0/lib/libjimage.so
7efe077c4000-7efe077c5000 rw-p 00024000 08:30 707802128                  /nix/store/gpxl5qgg8kicmcvivwmybwjlpf7wh20l-graalvm17-ce-22.3.0/lib/libjimage.so
7efe077c5000-7efe077c9000 ---p 00000000 00:00 0 
7efe077c9000-7efe078c5000 rw-p 00000000 00:00 0 
7efe078c5000-7efe078d3000 r--p 00000000 08:30 600592023                  /nix/store/4nlgxhb09sdr51nc9hdm8az5b08vzkgx-glibc-2.35-163/lib/libm.so.6
7efe078d3000-7efe07946000 r-xp 0000e000 08:30 600592023                  /nix/store/4nlgxhb09sdr51nc9hdm8az5b08vzkgx-glibc-2.35-163/lib/libm.so.6
7efe07946000-7efe079a3000 r--p 00081000 08:30 600592023                  /nix/store/4nlgxhb09sdr51nc9hdm8az5b08vzkgx-glibc-2.35-163/lib/libm.so.6
7efe079a3000-7efe079a4000 r--p 000dd000 08:30 600592023                  /nix/store/4nlgxhb09sdr51nc9hdm8az5b08vzkgx-glibc-2.35-163/lib/libm.so.6
7efe079a4000-7efe079a5000 rw-p 000de000 08:30 600592023                  /nix/store/4nlgxhb09sdr51nc9hdm8az5b08vzkgx-glibc-2.35-163/lib/libm.so.6
7efe079a5000-7efe079a6000 r--p 00000000 08:30 600592042                  /nix/store/4nlgxhb09sdr51nc9hdm8az5b08vzkgx-glibc-2.35-163/lib/librt.so.1
7efe079a6000-7efe079a7000 r-xp 00001000 08:30 600592042                  /nix/store/4nlgxhb09sdr51nc9hdm8az5b08vzkgx-glibc-2.35-163/lib/librt.so.1
7efe079a7000-7efe079a8000 r--p 00002000 08:30 600592042                  /nix/store/4nlgxhb09sdr51nc9hdm8az5b08vzkgx-glibc-2.35-163/lib/librt.so.1
7efe079a8000-7efe079a9000 r--p 00002000 08:30 600592042                  /nix/store/4nlgxhb09sdr51nc9hdm8az5b08vzkgx-glibc-2.35-163/lib/librt.so.1
7efe079a9000-7efe079aa000 rw-p 00003000 08:30 600592042                  /nix/store/4nlgxhb09sdr51nc9hdm8az5b08vzkgx-glibc-2.35-163/lib/librt.so.1
7efe079aa000-7efe08abd000 r-xp 00000000 08:30 707972962                  /nix/store/gpxl5qgg8kicmcvivwmybwjlpf7wh20l-graalvm17-ce-22.3.0/lib/server/libjvm.so
7efe08abd000-7efe08abe000 ---p 01113000 08:30 707972962                  /nix/store/gpxl5qgg8kicmcvivwmybwjlpf7wh20l-graalvm17-ce-22.3.0/lib/server/libjvm.so
7efe08abe000-7efe08b73000 r--p 01113000 08:30 707972962                  /nix/store/gpxl5qgg8kicmcvivwmybwjlpf7wh20l-graalvm17-ce-22.3.0/lib/server/libjvm.so
7efe08b73000-7efe08ba7000 rw-p 011c8000 08:30 707972962                  /nix/store/gpxl5qgg8kicmcvivwmybwjlpf7wh20l-graalvm17-ce-22.3.0/lib/server/libjvm.so
7efe08ba7000-7efe08c03000 rw-p 00000000 00:00 0 
7efe08c03000-7efe08c2b000 r--p 00000000 08:30 600592014                  /nix/store/4nlgxhb09sdr51nc9hdm8az5b08vzkgx-glibc-2.35-163/lib/libc.so.6
7efe08c2b000-7efe08da1000 r-xp 00028000 08:30 600592014                  /nix/store/4nlgxhb09sdr51nc9hdm8az5b08vzkgx-glibc-2.35-163/lib/libc.so.6
7efe08da1000-7efe08df9000 r--p 0019e000 08:30 600592014                  /nix/store/4nlgxhb09sdr51nc9hdm8az5b08vzkgx-glibc-2.35-163/lib/libc.so.6
7efe08df9000-7efe08dfd000 r--p 001f6000 08:30 600592014                  /nix/store/4nlgxhb09sdr51nc9hdm8az5b08vzkgx-glibc-2.35-163/lib/libc.so.6
7efe08dfd000-7efe08dff000 rw-p 001fa000 08:30 600592014                  /nix/store/4nlgxhb09sdr51nc9hdm8az5b08vzkgx-glibc-2.35-163/lib/libc.so.6
7efe08dff000-7efe08e0e000 rw-p 00000000 00:00 0 
7efe08e0e000-7efe08e0f000 r--p 00000000 08:30 600592019                  /nix/store/4nlgxhb09sdr51nc9hdm8az5b08vzkgx-glibc-2.35-163/lib/libdl.so.2
7efe08e0f000-7efe08e10000 r-xp 00001000 08:30 600592019                  /nix/store/4nlgxhb09sdr51nc9hdm8az5b08vzkgx-glibc-2.35-163/lib/libdl.so.2
7efe08e10000-7efe08e11000 r--p 00002000 08:30 600592019                  /nix/store/4nlgxhb09sdr51nc9hdm8az5b08vzkgx-glibc-2.35-163/lib/libdl.so.2
7efe08e11000-7efe08e12000 r--p 00002000 08:30 600592019                  /nix/store/4nlgxhb09sdr51nc9hdm8az5b08vzkgx-glibc-2.35-163/lib/libdl.so.2
7efe08e12000-7efe08e13000 rw-p 00003000 08:30 600592019                  /nix/store/4nlgxhb09sdr51nc9hdm8az5b08vzkgx-glibc-2.35-163/lib/libdl.so.2
7efe08e13000-7efe08e14000 r--p 00000000 08:30 600592038                  /nix/store/4nlgxhb09sdr51nc9hdm8az5b08vzkgx-glibc-2.35-163/lib/libpthread.so.0
7efe08e14000-7efe08e15000 r-xp 00001000 08:30 600592038                  /nix/store/4nlgxhb09sdr51nc9hdm8az5b08vzkgx-glibc-2.35-163/lib/libpthread.so.0
7efe08e15000-7efe08e16000 r--p 00002000 08:30 600592038                  /nix/store/4nlgxhb09sdr51nc9hdm8az5b08vzkgx-glibc-2.35-163/lib/libpthread.so.0
7efe08e16000-7efe08e17000 r--p 00002000 08:30 600592038                  /nix/store/4nlgxhb09sdr51nc9hdm8az5b08vzkgx-glibc-2.35-163/lib/libpthread.so.0
7efe08e17000-7efe08e18000 rw-p 00003000 08:30 600592038                  /nix/store/4nlgxhb09sdr51nc9hdm8az5b08vzkgx-glibc-2.35-163/lib/libpthread.so.0
7efe08e18000-7efe08e26000 r-xp 00000000 08:30 707802129                  /nix/store/gpxl5qgg8kicmcvivwmybwjlpf7wh20l-graalvm17-ce-22.3.0/lib/libjli.so
7efe08e26000-7efe08e27000 ---p 0000e000 08:30 707802129                  /nix/store/gpxl5qgg8kicmcvivwmybwjlpf7wh20l-graalvm17-ce-22.3.0/lib/libjli.so
7efe08e27000-7efe08e28000 r--p 0000e000 08:30 707802129                  /nix/store/gpxl5qgg8kicmcvivwmybwjlpf7wh20l-graalvm17-ce-22.3.0/lib/libjli.so
7efe08e28000-7efe08e29000 rw-p 0000f000 08:30 707802129                  /nix/store/gpxl5qgg8kicmcvivwmybwjlpf7wh20l-graalvm17-ce-22.3.0/lib/libjli.so
7efe08e29000-7efe08e2a000 rw-p 00012000 08:30 707802129                  /nix/store/gpxl5qgg8kicmcvivwmybwjlpf7wh20l-graalvm17-ce-22.3.0/lib/libjli.so
7efe08e2a000-7efe08e2d000 r--p 00000000 08:30 678822167                  /nix/store/026hln0aq1hyshaxsdvhg0kmcm6yf45r-zlib-1.2.13/lib/libz.so.1.2.13
7efe08e2d000-7efe08e3f000 r-xp 00003000 08:30 678822167                  /nix/store/026hln0aq1hyshaxsdvhg0kmcm6yf45r-zlib-1.2.13/lib/libz.so.1.2.13
7efe08e3f000-7efe08e46000 r--p 00015000 08:30 678822167                  /nix/store/026hln0aq1hyshaxsdvhg0kmcm6yf45r-zlib-1.2.13/lib/libz.so.1.2.13
7efe08e46000-7efe08e47000 r--p 0001b000 08:30 678822167                  /nix/store/026hln0aq1hyshaxsdvhg0kmcm6yf45r-zlib-1.2.13/lib/libz.so.1.2.13
7efe08e47000-7efe08e48000 rw-p 0001c000 08:30 678822167                  /nix/store/026hln0aq1hyshaxsdvhg0kmcm6yf45r-zlib-1.2.13/lib/libz.so.1.2.13
7efe08e48000-7efe08e4a000 rw-p 00000000 00:00 0 
7efe08e4a000-7efe08e4c000 r--p 00000000 08:30 600592008                  /nix/store/4nlgxhb09sdr51nc9hdm8az5b08vzkgx-glibc-2.35-163/lib/ld-linux-x86-64.so.2
7efe08e4c000-7efe08e73000 r-xp 00002000 08:30 600592008                  /nix/store/4nlgxhb09sdr51nc9hdm8az5b08vzkgx-glibc-2.35-163/lib/ld-linux-x86-64.so.2
7efe08e73000-7efe08e7f000 r--p 00029000 08:30 600592008                  /nix/store/4nlgxhb09sdr51nc9hdm8az5b08vzkgx-glibc-2.35-163/lib/ld-linux-x86-64.so.2
7efe08e7f000-7efe08e81000 r--p 00034000 08:30 600592008                  /nix/store/4nlgxhb09sdr51nc9hdm8az5b08vzkgx-glibc-2.35-163/lib/ld-linux-x86-64.so.2
7efe08e81000-7efe08e83000 rw-p 00036000 08:30 600592008                  /nix/store/4nlgxhb09sdr51nc9hdm8az5b08vzkgx-glibc-2.35-163/lib/ld-linux-x86-64.so.2
7fff9f582000-7fff9f5a6000 rw-p 00000000 00:00 0                          [stack]
7fff9f5ac000-7fff9f5b0000 r--p 00000000 00:00 0                          [vvar]
7fff9f5b0000-7fff9f5b2000 r-xp 00000000 00:00 0                          [vdso]
ffffffffff600000-ffffffffff601000 --xp 00000000 00:00 0                  [vsyscall]


VM Arguments:
jvm_args: -XX:ThreadPriorityPolicy=1 -XX:+UnlockExperimentalVMOptions -XX:+EnableJVMCIProduct -XX:JVMCIThreadsPerNativeLibraryRuntime=1 -XX:-UnlockExperimentalVMOptions -Declipse.application=org.eclipse.jdt.ls.core.id1 -Dosgi.bundles.defaultStartLevel=4 -Declipse.product=org.eclipse.jdt.ls.core.product -Dlog.level=ALL -Xverify:none -XX:+UseParallelGC -XX:GCTimeRatio=4 -XX:AdaptiveSizePolicyWeight=90 -Dsun.zip.disableMemoryMapping=true -Xmx512m -Xms100m 
java_command: /nix/store/q9712qvwdh22a4krw4jz2sjrz07mvjbl-jdt-language-server-1.9.0/share/java/plugins/org.eclipse.equinox.launcher_1.6.400.v20210924-0641.jar --add-modules=ALL-SYSTEM --add-opens java.base/java.util=ALL-UNNAMED --add-opens java.base/java.lang=ALL-UNNAMED -configuration /home/runner/PLTW-Data-Analysis/.cache/jdt-language-server/config -data /home/runner/.cache/jdt-language-server/data/home/runner/PLTW-Data-Analysis
java_class_path (initial): /nix/store/q9712qvwdh22a4krw4jz2sjrz07mvjbl-jdt-language-server-1.9.0/share/java/plugins/org.eclipse.equinox.launcher_1.6.400.v20210924-0641.jar
Launcher Type: SUN_STANDARD

[Global flags]
    uintx AdaptiveSizePolicyWeight                 = 90                                        {product} {command line}
     intx CICompilerCount                          = 2                                         {product} {ergonomic}
     bool EnableJVMCIProduct                       = true                                {JVMCI product} {jimage}
    uintx GCTimeRatio                              = 4                                         {product} {command line}
   size_t InitialHeapSize                          = 104857600                                 {product} {command line}
     uint JVMCIThreadsPerNativeLibraryRuntime      = 1                                   {JVMCI product} {jimage}
   size_t MaxHeapSize                              = 536870912                                 {product} {command line}
   size_t MaxNewSize                               = 178782208                                 {product} {ergonomic}
   size_t MinHeapDeltaBytes                        = 524288                                    {product} {ergonomic}
   size_t MinHeapSize                              = 104857600                                 {product} {command line}
   size_t NewSize                                  = 34603008                                  {product} {ergonomic}
    uintx NonNMethodCodeHeapSize                   = 5826188                                {pd product} {ergonomic}
    uintx NonProfiledCodeHeapSize                  = 122916026                              {pd product} {ergonomic}
   size_t OldSize                                  = 70254592                                  {product} {ergonomic}
    uintx ProfiledCodeHeapSize                     = 122916026                              {pd product} {ergonomic}
    uintx ReservedCodeCacheSize                    = 251658240                              {pd product} {ergonomic}
     bool SegmentedCodeCache                       = true                                      {product} {ergonomic}
   size_t SoftMaxHeapSize                          = 536870912                              {manageable} {ergonomic}
     intx ThreadPriorityPolicy                     = 1                                         {product} {jimage}
     bool UseCompressedClassPointers               = true                           {product lp64_product} {ergonomic}
     bool UseCompressedOops                        = true                           {product lp64_product} {ergonomic}
     bool UseParallelGC                            = true                                      {product} {command line}

Logging:
Log output configuration:
 #0: stdout all=warning uptime,level,tags
 #1: stderr all=off uptime,level,tags

Environment Variables:
JAVA_HOME=/nix/store/gpxl5qgg8kicmcvivwmybwjlpf7wh20l-graalvm17-ce-22.3.0
PATH=/nix/store/1d6ian3r8kdzspw8hacjhl3xkp40g1lj-binutils-wrapper-2.39/bin:/nix/store/dq0xwmsk1g0i2ayg6pb7y87na2knzylh-gcc-wrapper-11.3.0/bin:/nix/store/bap4d0lpcrhpwmpb8ayjcgkmvfj62lnq-bash-interactive-5.1-p16/bin:/nix/store/pr5n59mb4jzmfx6kanwxly0l07p861fg-patchelf-0.15.0/bin:/nix/store/1gf2flfqnpqbr1b4p4qz2f72y42bs56r-gcc-11.3.0/bin:/nix/store/57xv61c5zi8pphjbcwxxjlgc34p61ic9-glibc-2.35-163-bin/bin:/nix/store/a7gvj343m05j2s32xcnwr35v31ynlypr-coreutils-9.1/bin:/nix/store/039g378vc3pc3dvi9dzdlrd0i4q93qwf-binutils-2.39/bin:/nix/store/gpxl5qgg8kicmcvivwmybwjlpf7wh20l-graalvm17-ce-22.3.0/bin:/nix/store/6z9ag3ihc8mq2hzsw48lhbznvzny65nz-apache-maven-3.8.6/bin:/nix/store/q9712qvwdh22a4krw4jz2sjrz07mvjbl-jdt-language-server-1.9.0/bin:/nix/store/9zdrgm97n766nc0kj11x4xvvp00qlfk9-java-debug/bin:/nix/store/mydc6f4k2z73xlcz7ilif3v2lcaiqvza-findutils-4.9.0/bin:/nix/store/j9p3g8472iijd50vhdprx0nmk2fqn5gv-diffutils-3.8/bin:/nix/store/89zs7rms6x00xfq4dq6m7mjnhkr8a6r4-gnused-4.8/bin:/nix/store/86bp03jkmsl6f92w0yzg4s59g5mhxwmy-gnugrep-3.7/bin:/nix/store/hwcdqw4jrjnd37wxqgsd47hd0j8bnj09-gawk-5.1.1/bin:/nix/store/cfbhw8r8ags41vwqaz47r583d0p4h4a1-gnutar-1.34/bin:/nix/store/p3m1ndl1lapwrlh698bnb5lvvxh67378-gzip-1.12/bin:/nix/store/a8mhcagrsly7c7mpjrpsnaahk4aax056-bzip2-1.0.8-bin/bin:/nix/store/mblgz65m3zv9x548a3d5m96fj2pbwr09-gnumake-4.3/bin:/nix/store/dsd5gz46hdbdk2rfdimqddhq6m8m8fqs-bash-5.1-p16/bin:/nix/store/v7ljksji50mg3w61dykaa3n3y79n6nil-patch-2.7.6/bin:/nix/store/zlcnmqq14jz5x9439jf937mvayyl63da-xz-5.2.7-bin/bin:/nix/store/y6aj732zm9m87c82fpvf103a1xb22blp-file-5.43/bin:/nix/store/yq0vlv3d2f5si3ibawpq5ay2pc6knixp-nix-2.18.0pre20230808_c0e6466/bin:/nix/store/i4kzir3m7mrisxmf5xvlnkw01x4qaqr4-prybar-elisp-0.0.0-e0d9a52/bin:/nix/store/lwwivxf6h7x3cvxp9zv8sj0mv7dak99r-prybar-lua-0.0.0-e0d9a52/bin:/nix/store/gxj28g1cg4hq3qanmjv07156h800qr58-prybar-python3-0.0.0-e0d9a52/bin:/nix/store/hshkjnxrgidigf8x75vg6lqng2xlx9i3-prybar-sqlite-0.0.0-e0d9a52/bin:/nix/store/c4w01bpjgyy5ixmwdk8m1pw87zq4sl
LD_LIBRARY_PATH=/nix/store/a4pff549sk2idnkpzk5nsfps3mdkdnvm-cups-2.4.2-lib/lib:/nix/store/72mqxxhh3cy5yifh92wh2yb8cl2hikyy-cairo-1.16.0/lib:/nix/store/2k366jrbsra97gjfxwvrhvixjfxdach5-glib-2.74.1/lib:/nix/store/2j2znigd8ak37rlwh9khz0ry3clqlw1l-gtk+3-3.24.34/lib:/nix/store/q4hrphx851xvkcnyyvqqyf1yjgmkmiar-mesa-22.2.3-drivers/lib:/nix/store/cxhib72pd7n3fzl1yh6lrm4q16l42kws-libglvnd-1.5.0/lib:/nix/store/bvihhgw8bh6cqqlj0d4s8cvmm4mqmzfc-pulseaudio-16.1/lib
DISPLAY=:0
LANG=en_US.UTF-8

Signal Handlers:
   SIGSEGV: crash_handler in libjvm.so, mask=11100100010111111101111111111110, flags=SA_RESTART|SA_SIGINFO
    SIGBUS: crash_handler in libjvm.so, mask=11100100010111111101111111111110, flags=SA_RESTART|SA_SIGINFO
    SIGFPE: crash_handler in libjvm.so, mask=11100100010111111101111111111110, flags=SA_RESTART|SA_SIGINFO
   SIGPIPE: IsolateEnterStub_IgnoreSIGPIPEStartupHook_noopSignalHandler_8f19bff2f35b5f630d83b364d6b2339320d4ec70_216e8361c6bc87a8f89f58cc10d3b2fd4415bf87 in libjvmcicompiler.so, mask=00000000000000000000000000000000, flags=SA_RESTART
  *** Handler was modified!
  *** Expected: javaSignalHandler in libjvm.so, mask=11100100110111111111111111111110, flags=SA_RESTART|SA_SIGINFO
   SIGXFSZ: javaSignalHandler in libjvm.so, mask=11100100010111111101111111111110, flags=SA_RESTART|SA_SIGINFO
    SIGILL: crash_handler in libjvm.so, mask=11100100010111111101111111111110, flags=SA_RESTART|SA_SIGINFO
   SIGUSR2: SR_handler in libjvm.so, mask=00000000000000000000000000000000, flags=SA_RESTART|SA_SIGINFO
    SIGHUP: UserHandler in libjvm.so, mask=11100100010111111101111111111110, flags=SA_RESTART|SA_SIGINFO
    SIGINT: UserHandler in libjvm.so, mask=11100100010111111101111111111110, flags=SA_RESTART|SA_SIGINFO
   SIGTERM: UserHandler in libjvm.so, mask=11100100010111111101111111111110, flags=SA_RESTART|SA_SIGINFO
   SIGQUIT: UserHandler in libjvm.so, mask=11100100010111111101111111111110, flags=SA_RESTART|SA_SIGINFO
  *** Handler was modified!
  *** Expected: javaSignalHandler in libjvm.so, mask=11100100110111111111111111111110, flags=SA_RESTART|SA_SIGINFO
   SIGTRAP: crash_handler in libjvm.so, mask=11100100010111111101111111111110, flags=SA_RESTART|SA_SIGINFO


---------------  S Y S T E M  ---------------

OS:
DISTRIB_ID=Ubuntu
DISTRIB_RELEASE=20.04
DISTRIB_CODENAME=focal
DISTRIB_DESCRIPTION="Ubuntu 20.04.2 LTS"
uname: Linux 6.5.0-1013-gcp #13~22.04.1-Ubuntu SMP Wed Jan 24 23:39:40 UTC 2024 x86_64
OS uptime: 0 days 13:49 hours
libc: glibc 2.35 NPTL 2.35 
rlimit (soft/hard): STACK 8192k/infinity , CORE infinity/infinity , NPROC infinity/infinity , NOFILE 20971/20971 , AS infinity/infinity , CPU infinity/infinity , DATA infinity/infinity , FSIZE infinity/infinity , MEMLOCK 8192k/8192k
load average: 14.35 15.82 14.59

/proc/meminfo:
MemTotal:       65835400 kB
MemFree:        33183040 kB
MemAvailable:   43491832 kB
Buffers:          602780 kB
Cached:          9279760 kB
SwapCached:            0 kB
Active:         22240232 kB
Inactive:        8319760 kB
Active(anon):   15834360 kB
Inactive(anon):  4804436 kB
Active(file):    6405872 kB
Inactive(file):  3515324 kB
Unevictable:       27972 kB
Mlocked:           27972 kB
SwapTotal:             0 kB
SwapFree:              0 kB
Zswap:                 0 kB
Zswapped:              0 kB
Dirty:              2916 kB
Writeback:             0 kB
AnonPages:      20565296 kB
Mapped:          1444008 kB
Shmem:             14648 kB
KReclaimable:    1114048 kB
Slab:            1522172 kB
SReclaimable:    1114048 kB
SUnreclaim:       408124 kB
KernelStack:       82860 kB
PageTables:       176376 kB
SecPageTables:         0 kB
NFS_Unstable:          0 kB
Bounce:                0 kB
WritebackTmp:          0 kB
CommitLimit:    32917700 kB
Committed_AS:   45678904 kB
VmallocTotal:   34359738367 kB
VmallocUsed:      106364 kB
VmallocChunk:          0 kB
Percpu:            37152 kB
HardwareCorrupted:     0 kB
AnonHugePages:   3069952 kB
ShmemHugePages:        0 kB
ShmemPmdMapped:        0 kB
FileHugePages:         0 kB
FilePmdMapped:         0 kB
Unaccepted:            0 kB
HugePages_Total:       0
HugePages_Free:        0
HugePages_Rsvd:        0
HugePages_Surp:        0
Hugepagesize:       2048 kB
Hugetlb:               0 kB
DirectMap4k:      256824 kB
DirectMap2M:    23857152 kB
DirectMap1G:    45088768 kB

/sys/kernel/mm/transparent_hugepage/enabled: always [madvise] never
/sys/kernel/mm/transparent_hugepage/defrag (defrag/compaction efforts parameter): always defer defer+madvise [madvise] never

Process Memory:
Virtual Size: 4592252K (peak: 4685628K)
Resident Set Size: 755432K (peak: 788740K) (anon: 558536K, file: 196896K, shmem: 0K)
Swapped out: 0K
C-Heap outstanding allocations: 43048K, retained: 14483K
glibc malloc tunables: (default)

/proc/sys/kernel/threads-max (system-wide limit on the number of threads): 514277
/proc/sys/vm/max_map_count (maximum number of memory map areas a process may have): 65530
/proc/sys/kernel/pid_max (system-wide limit on number of process identifiers): 4194304

container (cgroup) information:
container_type: cgroupv2
cpu_cpuset_cpus: not supported
cpu_memory_nodes: not supported
active_processor_count: 2
cpu_quota: 200000
cpu_period: 100000
cpu_shares: no shares
memory_limit_in_bytes: 3292528 k
memory_and_swap_limit_in_bytes: unlimited
memory_soft_limit_in_bytes: 2097152 k
memory_usage_in_bytes: 635652 k
memory_max_usage_in_bytes: not supported
maximum number of tasks: not supported
current number of tasks: not supported

KVM virtualization detected
Steal ticks since vm start: 762
Steal ticks percentage since vm start:  0.002

CPU: total 8 (initial active 2) (4 cores per cpu, 2 threads per core) family 6 model 79 stepping 0 microcode 0xffffffff, cx8, cmov, fxsr, ht, mmx, 3dnowpref, sse, sse2, sse3, ssse3, sse4.1, sse4.2, popcnt, lzcnt, tsc, tscinvbit, avx, avx2, aes, erms, clmul, bmi1, bmi2, rtm, adx, fma, vzeroupper, clflush, hv
CPU Model and flags from /proc/cpuinfo:
model name	: Intel(R) Xeon(R) CPU @ 2.20GHz
flags		: fpu vme de pse tsc msr pae mce cx8 apic sep mtrr pge mca cmov pat pse36 clflush mmx fxsr sse sse2 ss ht syscall nx pdpe1gb rdtscp lm constant_tsc rep_good nopl xtopology nonstop_tsc cpuid tsc_known_freq pni pclmulqdq ssse3 fma cx16 pcid sse4_1 sse4_2 x2apic movbe popcnt aes xsave avx f16c rdrand hypervisor lahf_lm abm 3dnowprefetch invpcid_single pti ssbd ibrs ibpb stibp fsgsbase tsc_adjust bmi1 hle avx2 smep bmi2 erms invpcid rtm rdseed adx smap xsaveopt arat md_clear arch_capabilities

Online cpus: 0-7
Offline cpus: 
BIOS frequency limitation: <Not Available>
Frequency switch latency (ns): <Not Available>
Available cpu frequencies: <Not Available>
Current governor: <Not Available>
Core performance/turbo boost: <Not Available>

Memory: 4k page, physical 3292528k(2656868k free), swap 0k(0k free)
Page Sizes: 4k

vm_info: OpenJDK 64-Bit Server VM (17.0.5+8-jvmci-22.3-b08) for linux-amd64 JRE (17.0.5+8-jvmci-22.3-b08), built on Oct 19 2022 09:01:27 by "buildslave" with gcc 10.3.0

END.
